################################################################
################################################################
######################### Test Results #########################
################################################################
################################################################
##░░░░░░░░░░░░░░░░░░░░░░░░░░░░░░░░░░░░░░░░░░░░░░░░░░░░░░░░░░░░##
##░░░░░░░░░░░░░████░░░███░░░████░░████░█████░████░░░░░░░░░░░░░##
##░░░░░░░░░░░░░█░░░█░█░░░█░█░░░░░█░░░░░█░░░░░█░░░█░░░░░░░░░░░░##
##░░░░░░░░░░░░░████░░█████░░███░░░███░░████░░█░░░█░░░░░░░░░░░░##
##░░░░░░░░░░░░░█░░░░░█░░░█░░░░░█░░░░░█░█░░░░░█░░░█░░░░░░░░░░░░##
##░░░░░░░░░░░░░█░░░░░█░░░█░████░░████░░█████░████░░░░░░░░░░░░░##
##░░░░░░░░░░░░░░░░░░░░░░░░░░░░░░░░░░░░░░░░░░░░░░░░░░░░░░░░░░░░##
################################################################

############################ Group #############################
Submission: Marcel Bienia_425286_assignsubmission_file_
Detected group info: 
209744	Marcel	Bienia
########################### Overview ###########################
 Compile Test (Compiles Code, verifies JavaDoc)	   0,00	of    0,00	
 Successful to Bind Test                       	  15,00	of   15,00	
 Failed to Bind Test                           	  10,00	of   10,00	
 Exit Test                                     	   5,00	of    5,00	
 Scan Test                                     	   8,00	of   10,00	
 Extended Scan Test (Simple 200 OK reply)      	  10,00	of   10,00	
 Much extended Scan Test (Many 200 OK replies) 	  15,00	of   15,00	
 Simple Notify Test                            	  15,00	of   15,00	
 Many Notifies Test                            	  15,00	of   15,00	
 Break System.in Test                          	   5,00	of    5,00	
 << SUM >>                                     	  98,00	of  100,00	PASSED!
################################################################

################################################################
################################################################
######################## Detailed Output #######################
################################################################
################################################################
AKA: Logfiles for all the tests!
[[[[[START OF TESTPROTOCOL]]]]]
Test: 0
Test-Label: Compile Test (Compiles Code, verifies JavaDoc)
UUID: 21fed245-40d0-4ba3-8aa9-ae31bff2a852
Return: 0
Abort: false
Review: false
Exception: null
[[[[[START OF LOGGING!]]]]]
[SeqNum]	[Timestamp]	[Logger]	[LogLevel]	Message
[0]	[2020-01-20 10:43:25.725]	[testing.TestManager]	[ALL]	Starting test: Compile Test (Compiles Code, verifies JavaDoc)
[1]	[2020-01-20 10:43:25.726]	[testing.tests.A_CompileTest]	[INFO]	Found: Vorgabe
[2]	[2020-01-20 10:43:25.726]	[testing.tests.A_CompileTest]	[INFO]	Found: Vorgabe.zip
[3]	[2020-01-20 10:43:25.726]	[testing.tests.A_CompileTest]	[INFO]	Unpacking: Vorgabe.zip
[4]	[2020-01-20 10:43:25.727]	[testing.tests.A_CompileTest]	[FINE]	Creating unpack directory
[5]	[2020-01-20 10:43:25.727]	[testing.tests.A_CompileTest]	[FINE]	Starting unpack
[6]	[2020-01-20 10:43:25.728]	[testing.tests.A_CompileTest]	[INFO]	Unpacking Vorgabe/.classpath; 226;false;142
[7]	[2020-01-20 10:43:25.733]	[testing.tests.A_CompileTest]	[INFO]	Unpacking Vorgabe/.idea/; 0;true;0
[8]	[2020-01-20 10:43:25.733]	[testing.tests.A_CompileTest]	[INFO]	Unpacking Vorgabe/.idea/$PRODUCT_WORKSPACE_FILE$; 488;false;225
[9]	[2020-01-20 10:43:25.734]	[testing.tests.A_CompileTest]	[INFO]	Unpacking Vorgabe/.idea/misc.xml; 256;false;181
[10]	[2020-01-20 10:43:25.736]	[testing.tests.A_CompileTest]	[INFO]	Unpacking Vorgabe/.idea/modules.xml; 288;false;178
[11]	[2020-01-20 10:43:25.737]	[testing.tests.A_CompileTest]	[INFO]	Unpacking Vorgabe/.idea/workspace.xml; 1430;false;535
[12]	[2020-01-20 10:43:25.739]	[testing.tests.A_CompileTest]	[INFO]	Unpacking Vorgabe/.project; 383;false;203
[13]	[2020-01-20 10:43:25.740]	[testing.tests.A_CompileTest]	[INFO]	Unpacking Vorgabe/bin/; 0;true;0
[14]	[2020-01-20 10:43:25.740]	[testing.tests.A_CompileTest]	[INFO]	Unpacking Vorgabe/bin/.classpath; 226;false;139
[15]	[2020-01-20 10:43:25.741]	[testing.tests.A_CompileTest]	[INFO]	Unpacking Vorgabe/bin/.project; 379;false;186
[16]	[2020-01-20 10:43:25.743]	[testing.tests.A_CompileTest]	[INFO]	Unpacking Vorgabe/bin/edu/; 0;true;0
[17]	[2020-01-20 10:43:25.743]	[testing.tests.A_CompileTest]	[INFO]	Unpacking Vorgabe/bin/edu/udo/; 0;true;0
[18]	[2020-01-20 10:43:25.744]	[testing.tests.A_CompileTest]	[INFO]	Unpacking Vorgabe/bin/edu/udo/cs/; 0;true;0
[19]	[2020-01-20 10:43:25.744]	[testing.tests.A_CompileTest]	[INFO]	Unpacking Vorgabe/bin/edu/udo/cs/rvs/; 0;true;0
[20]	[2020-01-20 10:43:25.744]	[testing.tests.A_CompileTest]	[INFO]	Unpacking Vorgabe/bin/edu/udo/cs/rvs/ssdp/; 0;true;0
[21]	[2020-01-20 10:43:25.745]	[testing.tests.A_CompileTest]	[INFO]	Unpacking Vorgabe/bin/edu/udo/cs/rvs/ssdp/Device.class; 2225;false;1112
[22]	[2020-01-20 10:43:25.748]	[testing.tests.A_CompileTest]	[INFO]	Unpacking Vorgabe/bin/edu/udo/cs/rvs/ssdp/Listen.class; 3048;false;1693
[23]	[2020-01-20 10:43:25.752]	[testing.tests.A_CompileTest]	[INFO]	Unpacking Vorgabe/bin/edu/udo/cs/rvs/ssdp/SSDPPeer.class; 1381;false;740
[24]	[2020-01-20 10:43:25.754]	[testing.tests.A_CompileTest]	[INFO]	Unpacking Vorgabe/bin/edu/udo/cs/rvs/ssdp/User.class; 1994;false;1122
[25]	[2020-01-20 10:43:25.756]	[testing.tests.A_CompileTest]	[INFO]	Unpacking Vorgabe/bin/edu/udo/cs/rvs/ssdp/Worker.class; 3493;false;1890
[26]	[2020-01-20 10:43:25.759]	[testing.tests.A_CompileTest]	[INFO]	Unpacking Vorgabe/bin/edu/udo/cs/rvs/SSDPMain.class; 867;false;517
[27]	[2020-01-20 10:43:25.761]	[testing.tests.A_CompileTest]	[INFO]	Unpacking Vorgabe/gruppe.txt; 57;false;54
[28]	[2020-01-20 10:43:25.762]	[testing.tests.A_CompileTest]	[INFO]	Unpacking Vorgabe/RvS-ProgA-SSDP-Multicast.iml; 437;false;240
[29]	[2020-01-20 10:43:25.764]	[testing.tests.A_CompileTest]	[INFO]	Unpacking Vorgabe/src/; 0;true;0
[30]	[2020-01-20 10:43:25.764]	[testing.tests.A_CompileTest]	[INFO]	Unpacking Vorgabe/src/.classpath; 226;false;139
[31]	[2020-01-20 10:43:25.765]	[testing.tests.A_CompileTest]	[INFO]	Unpacking Vorgabe/src/.project; 379;false;186
[32]	[2020-01-20 10:43:25.767]	[testing.tests.A_CompileTest]	[INFO]	Unpacking Vorgabe/src/edu/; 0;true;0
[33]	[2020-01-20 10:43:25.767]	[testing.tests.A_CompileTest]	[INFO]	Unpacking Vorgabe/src/edu/udo/; 0;true;0
[34]	[2020-01-20 10:43:25.767]	[testing.tests.A_CompileTest]	[INFO]	Unpacking Vorgabe/src/edu/udo/cs/; 0;true;0
[35]	[2020-01-20 10:43:25.767]	[testing.tests.A_CompileTest]	[INFO]	Unpacking Vorgabe/src/edu/udo/cs/rvs/; 0;true;0
[36]	[2020-01-20 10:43:25.767]	[testing.tests.A_CompileTest]	[INFO]	Unpacking Vorgabe/src/edu/udo/cs/rvs/ssdp/; 0;true;0
[37]	[2020-01-20 10:43:25.767]	[testing.tests.A_CompileTest]	[INFO]	Unpacking Vorgabe/src/edu/udo/cs/rvs/ssdp/Device.class; 2225;false;1112
[38]	[2020-01-20 10:43:25.770]	[testing.tests.A_CompileTest]	[INFO]	Unpacking Vorgabe/src/edu/udo/cs/rvs/ssdp/Device.java; 2568;false;943
[39]	[2020-01-20 10:43:25.772]	[testing.tests.A_CompileTest]	[INFO]	Unpacking Vorgabe/src/edu/udo/cs/rvs/ssdp/Listen.class; 3048;false;1692
[40]	[2020-01-20 10:43:25.775]	[testing.tests.A_CompileTest]	[INFO]	Unpacking Vorgabe/src/edu/udo/cs/rvs/ssdp/Listen.java; 2884;false;1121
[41]	[2020-01-20 10:43:25.777]	[testing.tests.A_CompileTest]	[INFO]	Unpacking Vorgabe/src/edu/udo/cs/rvs/ssdp/SSDPPeer.class; 1381;false;741
[42]	[2020-01-20 10:43:25.778]	[testing.tests.A_CompileTest]	[INFO]	Unpacking Vorgabe/src/edu/udo/cs/rvs/ssdp/SSDPPeer.java; 1717;false;628
[43]	[2020-01-20 10:43:25.780]	[testing.tests.A_CompileTest]	[INFO]	Unpacking Vorgabe/src/edu/udo/cs/rvs/ssdp/User.class; 1982;false;1112
[44]	[2020-01-20 10:43:25.782]	[testing.tests.A_CompileTest]	[INFO]	Unpacking Vorgabe/src/edu/udo/cs/rvs/ssdp/User.java; 1648;false;684
[45]	[2020-01-20 10:43:25.783]	[testing.tests.A_CompileTest]	[INFO]	Unpacking Vorgabe/src/edu/udo/cs/rvs/ssdp/Worker.class; 3493;false;1884
[46]	[2020-01-20 10:43:25.785]	[testing.tests.A_CompileTest]	[INFO]	Unpacking Vorgabe/src/edu/udo/cs/rvs/ssdp/Worker.java; 4186;false;1366
[47]	[2020-01-20 10:43:25.787]	[testing.tests.A_CompileTest]	[INFO]	Unpacking Vorgabe/src/edu/udo/cs/rvs/SSDPMain.class; 867;false;517
[48]	[2020-01-20 10:43:25.788]	[testing.tests.A_CompileTest]	[INFO]	Unpacking Vorgabe/src/edu/udo/cs/rvs/SSDPMain.java; 775;false;400
[49]	[2020-01-20 10:43:25.790]	[testing.tests.A_CompileTest]	[INFO]	Unpacking Vorgabe/ssdpPeer.jar; 3726;false;3581
[50]	[2020-01-20 10:43:25.800]	[testing.tests.A_CompileTest]	[FINE]	Finding Package
[51]	[2020-01-20 10:43:25.802]	[testing.tests.A_CompileTest]	[FINE]	Found Package: "edu.udo.cs.rvs.ssdp"
[52]	[2020-01-20 10:43:25.810]	[testing.tests.A_CompileTest]	[FINE]	Starting [javac, -Xlint, -Xdoclint:missing/public, -Xdoclint:missing/package, -Xdoclint:missing/protected, --source-path, /home/homafe00/tests/lsf-BRUVS-19_2-Abgabe der Programmieraufgabe-512853/Marcel Bienia_425286_assignsubmission_file_/Vorgabe/Vorgabe/src, /home/homafe00/tests/lsf-BRUVS-19_2-Abgabe der Programmieraufgabe-512853/Marcel Bienia_425286_assignsubmission_file_/Vorgabe/Vorgabe/src/edu/udo/cs/rvs/ssdp/User.java, /home/homafe00/tests/lsf-BRUVS-19_2-Abgabe der Programmieraufgabe-512853/Marcel Bienia_425286_assignsubmission_file_/Vorgabe/Vorgabe/src/edu/udo/cs/rvs/ssdp/SSDPPeer.java, /home/homafe00/tests/lsf-BRUVS-19_2-Abgabe der Programmieraufgabe-512853/Marcel Bienia_425286_assignsubmission_file_/Vorgabe/Vorgabe/src/edu/udo/cs/rvs/ssdp/Device.java, /home/homafe00/tests/lsf-BRUVS-19_2-Abgabe der Programmieraufgabe-512853/Marcel Bienia_425286_assignsubmission_file_/Vorgabe/Vorgabe/src/edu/udo/cs/rvs/ssdp/Worker.java, /home/homafe00/tests/lsf-BRUVS-19_2-Abgabe der Programmieraufgabe-512853/Marcel Bienia_425286_assignsubmission_file_/Vorgabe/Vorgabe/src/edu/udo/cs/rvs/ssdp/Listen.java, /home/homafe00/tests/lsf-BRUVS-19_2-Abgabe der Programmieraufgabe-512853/Marcel Bienia_425286_assignsubmission_file_/Vorgabe/Vorgabe/src/edu/udo/cs/rvs/SSDPMain.java]
[53]	[2020-01-20 10:43:26.754]	[testing.tests.A_CompileTest]	[INFO]	
[54]	[2020-01-20 10:43:26.754]	[testing.tests.A_CompileTest]	[WARNING]	/home/homafe00/tests/lsf-BRUVS-19_2-Abgabe der Programmieraufgabe-512853/Marcel Bienia_425286_assignsubmission_file_/Vorgabe/Vorgabe/src/edu/udo/cs/rvs/ssdp/Listen.java:87: warning: no comment
[54]	[2020-01-20 10:43:26.754]	[testing.tests.A_CompileTest]	[WARNING]		public void end() {
[54]	[2020-01-20 10:43:26.754]	[testing.tests.A_CompileTest]	[WARNING]		            ^
[54]	[2020-01-20 10:43:26.754]	[testing.tests.A_CompileTest]	[WARNING]	/home/homafe00/tests/lsf-BRUVS-19_2-Abgabe der Programmieraufgabe-512853/Marcel Bienia_425286_assignsubmission_file_/Vorgabe/Vorgabe/src/edu/udo/cs/rvs/ssdp/Device.java:14: warning: [overrides] Class Device overrides equals, but neither it nor any superclass overrides hashCode method
[54]	[2020-01-20 10:43:26.754]	[testing.tests.A_CompileTest]	[WARNING]	public class Device {
[54]	[2020-01-20 10:43:26.754]	[testing.tests.A_CompileTest]	[WARNING]	       ^
[54]	[2020-01-20 10:43:26.754]	[testing.tests.A_CompileTest]	[WARNING]	2 warnings
[55]	[2020-01-20 10:43:26.755]	[testing.tests.A_CompileTest]	[FINE]	Done! 0
[56]	[2020-01-20 10:43:26.755]	[testing.tests.A_CompileTest]	[SEVERE]	ERRORS DETECTED: 0
[57]	[2020-01-20 10:43:26.755]	[testing.tests.A_CompileTest]	[WARNING]	WARNINGS DETECTED: 1
[58]	[2020-01-20 10:43:26.755]	[testing.tests.A_CompileTest]	[WARNING]	NO COMMENTS: 1
[59]	[2020-01-20 10:43:26.755]	[testing.TestManager]	[ALL]	Finished test with 0
[[[[[END OF LOGGING:21fed245-40d0-4ba3-8aa9-ae31bff2a852]]]]]
[[[[[END OF TEST:21fed245-40d0-4ba3-8aa9-ae31bff2a852]]]]]

################################################################
Error Stream:
[java, -cp, /home/homafe00/tests/bin:/home/homafe00/tests/lsf-BRUVS-19_2-Abgabe der Programmieraufgabe-512853/Marcel Bienia_425286_assignsubmission_file_/Vorgabe/Vorgabe/src, overrides.TestingProtocol, testx, 0, /home/homafe00/tests/lsf-BRUVS-19_2-Abgabe der Programmieraufgabe-512853/Marcel Bienia_425286_assignsubmission_file_]

################################################################
################################################################
[[[[[START OF TESTPROTOCOL]]]]]
Test: 1
Test-Label: Successful to Bind Test
UUID: 933269c5-2bb0-442b-a026-50ca3a3c9ce4
Return: 1000000
Abort: false
Review: false
Exception: null
[[[[[START OF LOGGING!]]]]]
[SeqNum]	[Timestamp]	[Logger]	[LogLevel]	Message
[0]	[2020-01-20 10:43:27.059]	[testing.TestManager]	[ALL]	Starting test: Successful to Bind Test
[1]	[2020-01-20 10:43:27.066]	[testing.tests.B_SuccessfulBindTest]	[INFO]	Starting Submission
[2]	[2020-01-20 10:43:27.098]	[testing.tests.B_SuccessfulBindTest]	[POINTS]	20% points awarded: Socket created!
[3]	[2020-01-20 10:43:27.099]	[DatagramSocket[7ae17a5a][new]]	[FINE]	Creating
[4]	[2020-01-20 10:43:27.099]	[DatagramSocket[7ae17a5a][new]]	[INFO]	Rename to: DatagramSocket[7ae17a5a][unbound]
[5]	[2020-01-20 10:43:27.100]	[DatagramSocket[7ae17a5a][unbound]]	[FINE]	Created
[6]	[2020-01-20 10:43:27.103]	[DatagramSocket[7ae17a5a][unbound]]	[FINE]	Set option 4: true
[7]	[2020-01-20 10:43:27.104]	[DatagramSocket[7ae17a5a][unbound]]	[FINE]	Binding to 0.0.0.0/0.0.0.0, Port 1900
[8]	[2020-01-20 10:43:27.104]	[DatagramSocket[7ae17a5a][unbound]]	[INFO]	Rename to: DatagramSocket[7ae17a5a][0.0.0.0:1900]
[9]	[2020-01-20 10:43:27.107]	[testing.tests.B_SuccessfulBindTest]	[FINE]	Joined local/loopback address. Ignoring.
[10]	[2020-01-20 10:43:27.108]	[testing.tests.B_SuccessfulBindTest]	[POINTS]	20% points awarded: Socket bound to wildcard address!
[11]	[2020-01-20 10:43:27.109]	[testing.tests.B_SuccessfulBindTest]	[POINTS]	20% points awarded: Socket bound to port 1900!
[12]	[2020-01-20 10:43:27.109]	[DatagramSocket[7ae17a5a][0.0.0.0:1900]]	[FINE]	Bound.
[13]	[2020-01-20 10:43:27.110]	[DatagramSocket[7ae17a5a][0.0.0.0:1900]]	[INFO]	Joining group 239.255.255.250
[14]	[2020-01-20 10:43:27.111]	[testing.tests.B_SuccessfulBindTest]	[POINTS]	20% points awarded: Joined correct Multicast Group!
[15]	[2020-01-20 10:43:27.113]	[DatagramSocket[7ae17a5a][0.0.0.0:1900]]	[FINER]	peekData entered
[16]	[2020-01-20 10:43:27.114]	[testing.tests.B_SuccessfulBindTest]	[POINTS]	20% points awarded: Correctly waiting for incoming packets!
[17]	[2020-01-20 10:43:28.187]	[testing.tests.B_SuccessfulBindTest]	[FINE]	Waiting for up to 10 seconds to bind and listen
[18]	[2020-01-20 10:43:28.187]	[testing.tests.B_SuccessfulBindTest]	[INFO]	Done waiting
[19]	[2020-01-20 10:43:28.187]	[testing.TestManager]	[ALL]	Finished test with 1000000
[[[[[END OF LOGGING:933269c5-2bb0-442b-a026-50ca3a3c9ce4]]]]]
[[[[[END OF TEST:933269c5-2bb0-442b-a026-50ca3a3c9ce4]]]]]

################################################################
Error Stream:
[java, -cp, /home/homafe00/tests/bin:/home/homafe00/tests/lsf-BRUVS-19_2-Abgabe der Programmieraufgabe-512853/Marcel Bienia_425286_assignsubmission_file_/Vorgabe/Vorgabe/src, overrides.TestingProtocol, testx, 1, /home/homafe00/tests/lsf-BRUVS-19_2-Abgabe der Programmieraufgabe-512853/Marcel Bienia_425286_assignsubmission_file_]

################################################################
################################################################
[[[[[START OF TESTPROTOCOL]]]]]
Test: 2
Test-Label: Failed to Bind Test
UUID: 663c8afe-ef00-4f54-9af3-80c4cf46b17d
Return: 1000000
Abort: false
Review: false
Exception: null
[[[[[START OF LOGGING!]]]]]
[SeqNum]	[Timestamp]	[Logger]	[LogLevel]	Message
[0]	[2020-01-20 10:43:28.832]	[testing.TestManager]	[ALL]	Starting test: Failed to Bind Test
[1]	[2020-01-20 10:43:28.839]	[testing.tests.C_FailedBindTest]	[INFO]	Starting Submission
[2]	[2020-01-20 10:43:28.873]	[DatagramSocket[5bf9cfd3][new]]	[FINE]	Creating
[3]	[2020-01-20 10:43:28.873]	[DatagramSocket[5bf9cfd3][new]]	[INFO]	Rename to: DatagramSocket[5bf9cfd3][unbound]
[4]	[2020-01-20 10:43:28.874]	[DatagramSocket[5bf9cfd3][unbound]]	[FINE]	Created
[5]	[2020-01-20 10:43:28.878]	[DatagramSocket[5bf9cfd3][unbound]]	[FINE]	Set option 4: true
[6]	[2020-01-20 10:43:28.878]	[DatagramSocket[5bf9cfd3][unbound]]	[INFO]	Closing
[7]	[2020-01-20 10:43:28.879]	[DatagramSocket[5bf9cfd3][unbound]]	[INFO]	Rename to: DatagramSocket[5bf9cfd3][CLOSED]
[8]	[2020-01-20 10:43:28.880]	[DatagramSocket[5bf9cfd3][CLOSED]]	[WARNING]	Already Closed!
[10]	[2020-01-20 10:43:28.882]	[testing.TestManager]	[WARNING]	Found Exception in OutputStream System.err! DO NOT PLAIN PRINT EXCPETIONS TO SYSTEM.ERR OR SYSTEM.OUT! THIS IS NOT PROPER EXCEPTION HANDLING!
[11]	[2020-01-20 10:43:28.882]	[testing.TestManager]	[INFO]	For testing during development this fine, but not in the final version.
[9]	[2020-01-20 10:43:28.881]	[System.err]	[ALL]	java.net.SocketException: Port forbidden or already bound!
[13]	[2020-01-20 10:43:28.882]	[System.err]	[ALL]		at overrides.datagram.DSImpl.bind(DSImpl.java:89)
[15]	[2020-01-20 10:43:28.882]	[System.err]	[ALL]		at java.base/java.net.DatagramSocket.bind(DatagramSocket.java:394)
[17]	[2020-01-20 10:43:28.882]	[System.err]	[ALL]		at java.base/java.net.MulticastSocket.<init>(MulticastSocket.java:175)
[19]	[2020-01-20 10:43:28.883]	[System.err]	[ALL]		at java.base/java.net.MulticastSocket.<init>(MulticastSocket.java:139)
[21]	[2020-01-20 10:43:28.883]	[System.err]	[ALL]		at edu.udo.cs.rvs.ssdp.Listen.<init>(Listen.java:32)
[23]	[2020-01-20 10:43:28.883]	[System.err]	[ALL]		at edu.udo.cs.rvs.ssdp.SSDPPeer.run(SSDPPeer.java:30)
[25]	[2020-01-20 10:43:28.883]	[System.err]	[ALL]		at java.base/java.lang.Thread.run(Thread.java:834)
[27]	[2020-01-20 10:43:28.886]	[testing.tests.C_FailedBindTest]	[POINTS]	All Points awareded: Tried to exit after binding failed. Tried to exit with 1
[28]	[2020-01-20 10:43:28.962]	[testing.tests.C_FailedBindTest]	[FINE]	Waiting for up to 10 seconds to bind and listen
[29]	[2020-01-20 10:43:28.963]	[testing.tests.C_FailedBindTest]	[INFO]	Done waiting
[30]	[2020-01-20 10:43:28.963]	[testing.tests.C_FailedBindTest]	[POINTS]	Awareded all points. JVM terminated gracefully.
[31]	[2020-01-20 10:43:28.963]	[testing.TestManager]	[ALL]	Finished test with 1000000
[[[[[END OF LOGGING:663c8afe-ef00-4f54-9af3-80c4cf46b17d]]]]]
[[[[[END OF TEST:663c8afe-ef00-4f54-9af3-80c4cf46b17d]]]]]

################################################################
Error Stream:
edu.udo.cs.rvs.ssdp.Listen: ("java.lang.RuntimePermission" "exitVM.1")	 PREVENTED!
java.lang.RuntimeException
	at overrides.securityManager.SM.checkPermission(SM.java:149)
	at java.base/java.lang.SecurityManager.checkExit(SecurityManager.java:534)
	at java.base/java.lang.Runtime.exit(Runtime.java:113)
	at java.base/java.lang.System.exit(System.java:1749)
	at edu.udo.cs.rvs.ssdp.Listen.<init>(Listen.java:36)
	at edu.udo.cs.rvs.ssdp.SSDPPeer.run(SSDPPeer.java:30)
	at java.base/java.lang.Thread.run(Thread.java:834)
[java, -cp, /home/homafe00/tests/bin:/home/homafe00/tests/lsf-BRUVS-19_2-Abgabe der Programmieraufgabe-512853/Marcel Bienia_425286_assignsubmission_file_/Vorgabe/Vorgabe/src, overrides.TestingProtocol, testx, 2, /home/homafe00/tests/lsf-BRUVS-19_2-Abgabe der Programmieraufgabe-512853/Marcel Bienia_425286_assignsubmission_file_]

################################################################
################################################################
[[[[[START OF TESTPROTOCOL]]]]]
Test: 3
Test-Label: Exit Test
UUID: 3b6e376e-e11b-4f0a-9bf5-96d1e29715bb
Return: 1000000
Abort: false
Review: false
Exception: null
[[[[[START OF LOGGING!]]]]]
[SeqNum]	[Timestamp]	[Logger]	[LogLevel]	Message
[0]	[2020-01-20 10:43:29.260]	[testing.TestManager]	[ALL]	Starting test: Exit Test
[1]	[2020-01-20 10:43:29.266]	[testing.tests.D_ExitTest]	[INFO]	Starting Submission
[2]	[2020-01-20 10:43:29.297]	[DatagramSocket[71d04172][new]]	[FINE]	Creating
[3]	[2020-01-20 10:43:29.297]	[DatagramSocket[71d04172][new]]	[INFO]	Rename to: DatagramSocket[71d04172][unbound]
[4]	[2020-01-20 10:43:29.298]	[DatagramSocket[71d04172][unbound]]	[FINE]	Created
[5]	[2020-01-20 10:43:29.301]	[DatagramSocket[71d04172][unbound]]	[FINE]	Set option 4: true
[6]	[2020-01-20 10:43:29.302]	[DatagramSocket[71d04172][unbound]]	[FINE]	Binding to 0.0.0.0/0.0.0.0, Port 1900
[7]	[2020-01-20 10:43:29.302]	[DatagramSocket[71d04172][unbound]]	[INFO]	Rename to: DatagramSocket[71d04172][0.0.0.0:1900]
[8]	[2020-01-20 10:43:29.305]	[DatagramSocket[71d04172][0.0.0.0:1900]]	[FINE]	Bound.
[9]	[2020-01-20 10:43:29.306]	[DatagramSocket[71d04172][0.0.0.0:1900]]	[INFO]	Joining group 239.255.255.250
[10]	[2020-01-20 10:43:29.308]	[DatagramSocket[71d04172][0.0.0.0:1900]]	[FINER]	peekData entered
[11]	[2020-01-20 10:43:29.389]	[testing.tests.D_ExitTest]	[FINE]	Waiting for up to 10 seconds for ready state
[12]	[2020-01-20 10:43:29.391]	[testing.tests.D_ExitTest]	[INFO]	Done waiting
[13]	[2020-01-20 10:43:29.392]	[testing.tests.D_ExitTest]	[INFO]	Sending "EXIT"
[14]	[2020-01-20 10:43:29.392]	[testing.tests.D_ExitTest]	[INFO]	Waiting 10 seconds for attempt to exit
[15]	[2020-01-20 10:43:30.317]	[System.out]	[ALL]	ending
[17]	[2020-01-20 10:43:30.321]	[testing.tests.D_ExitTest]	[POINTS]	All Points awarded: Tried to exit after after EXIT command. Tried to exit with 0
[18]	[2020-01-20 10:43:30.572]	[testing.tests.D_ExitTest]	[POINTS]	All points awarded! Submission exited!
[19]	[2020-01-20 10:43:30.573]	[testing.TestManager]	[ALL]	Finished test with 1000000
[[[[[END OF LOGGING:3b6e376e-e11b-4f0a-9bf5-96d1e29715bb]]]]]
[[[[[END OF TEST:3b6e376e-e11b-4f0a-9bf5-96d1e29715bb]]]]]

################################################################
Error Stream:
edu.udo.cs.rvs.ssdp.User: ("java.lang.RuntimePermission" "exitVM.0")	 PREVENTED!
java.lang.RuntimeException
	at overrides.securityManager.SM.checkPermission(SM.java:149)
	at java.base/java.lang.SecurityManager.checkExit(SecurityManager.java:534)
	at java.base/java.lang.Runtime.exit(Runtime.java:113)
	at java.base/java.lang.System.exit(System.java:1749)
	at edu.udo.cs.rvs.ssdp.User.run(User.java:43)
	at java.base/java.lang.Thread.run(Thread.java:834)
[java, -cp, /home/homafe00/tests/bin:/home/homafe00/tests/lsf-BRUVS-19_2-Abgabe der Programmieraufgabe-512853/Marcel Bienia_425286_assignsubmission_file_/Vorgabe/Vorgabe/src, overrides.TestingProtocol, testx, 3, /home/homafe00/tests/lsf-BRUVS-19_2-Abgabe der Programmieraufgabe-512853/Marcel Bienia_425286_assignsubmission_file_]

################################################################
################################################################
[[[[[START OF TESTPROTOCOL]]]]]
Test: 4
Test-Label: Scan Test
UUID: 3f0125b8-597a-4a54-a47f-3efe9af55bb6
Return: 800000
Abort: false
Review: false
Exception: null
[[[[[START OF LOGGING!]]]]]
[SeqNum]	[Timestamp]	[Logger]	[LogLevel]	Message
[0]	[2020-01-20 10:43:30.898]	[testing.TestManager]	[ALL]	Starting test: Scan Test
[1]	[2020-01-20 10:43:30.905]	[testing.tests.E_ScanTest]	[INFO]	Starting Submission
[2]	[2020-01-20 10:43:30.934]	[DatagramSocket[7830430][new]]	[FINE]	Creating
[3]	[2020-01-20 10:43:30.934]	[DatagramSocket[7830430][new]]	[INFO]	Rename to: DatagramSocket[7830430][unbound]
[4]	[2020-01-20 10:43:30.934]	[DatagramSocket[7830430][unbound]]	[FINE]	Created
[5]	[2020-01-20 10:43:30.937]	[DatagramSocket[7830430][unbound]]	[FINE]	Set option 4: true
[6]	[2020-01-20 10:43:30.937]	[DatagramSocket[7830430][unbound]]	[FINE]	Binding to 0.0.0.0/0.0.0.0, Port 1900
[7]	[2020-01-20 10:43:30.937]	[DatagramSocket[7830430][unbound]]	[INFO]	Rename to: DatagramSocket[7830430][0.0.0.0:1900]
[8]	[2020-01-20 10:43:30.941]	[DatagramSocket[7830430][0.0.0.0:1900]]	[FINE]	Bound.
[9]	[2020-01-20 10:43:30.942]	[DatagramSocket[7830430][0.0.0.0:1900]]	[INFO]	Joining group 239.255.255.250
[10]	[2020-01-20 10:43:30.944]	[DatagramSocket[7830430][0.0.0.0:1900]]	[FINER]	peekData entered
[11]	[2020-01-20 10:43:31.025]	[testing.tests.E_ScanTest]	[FINE]	Waiting for up to 10 seconds for ready state
[12]	[2020-01-20 10:43:31.027]	[testing.tests.E_ScanTest]	[INFO]	Done waiting
[13]	[2020-01-20 10:43:31.027]	[testing.tests.E_ScanTest]	[INFO]	Sending "SCAN"
[14]	[2020-01-20 10:43:31.027]	[testing.tests.E_ScanTest]	[INFO]	Waiting 10 seconds for M-SEARCH packet
[15]	[2020-01-20 10:43:31.969]	[DatagramSocket[7830430][0.0.0.0:1900]]	[FINER]	receive entered
[16]	[2020-01-20 10:43:31.970]	[testing.tests.E_ScanTest]	[FINE]	Submission sent: [M-SEARCH * HTTP/1.1, S: uuid:2feaeb14-d658-4ab7-9aed-81f57bf58dad, HOST: 239.255.255.250:1900, MAN: ssdp:discover , ST: ge:fridge]
[17]	[2020-01-20 10:43:31.970]	[testing.tests.E_ScanTest]	[FINE]	 >> M-SEARCH * HTTP/1.1\r\n
[17]	[2020-01-20 10:43:31.970]	[testing.tests.E_ScanTest]	[FINE]	 >> S: uuid:2feaeb14-d658-4ab7-9aed-81f57bf58dad\r\n
[17]	[2020-01-20 10:43:31.970]	[testing.tests.E_ScanTest]	[FINE]	 >> HOST: 239.255.255.250:1900\r\n
[17]	[2020-01-20 10:43:31.970]	[testing.tests.E_ScanTest]	[FINE]	 >> MAN: ssdp:discover \r\n
[17]	[2020-01-20 10:43:31.970]	[testing.tests.E_ScanTest]	[FINE]	 >> ST: ge:fridge\r\n
[17]	[2020-01-20 10:43:31.970]	[testing.tests.E_ScanTest]	[FINE]	 >> \r\n
[18]	[2020-01-20 10:43:31.971]	[testing.tests.E_ScanTest]	[POINTS]	20% points gained: S: ok.
[19]	[2020-01-20 10:43:31.971]	[testing.tests.E_ScanTest]	[POINTS]	20% points gained: HOST: ok.
[20]	[2020-01-20 10:43:31.971]	[testing.tests.E_ScanTest]	[POINTS]	20% points lost: MAN: not ok.
[21]	[2020-01-20 10:43:31.971]	[testing.tests.E_ScanTest]	[POINTS]	20% points gained: ST: ok.
[22]	[2020-01-20 10:43:31.974]	[testing.tests.E_ScanTest]	[POINTS]	Total points: 80.0
[23]	[2020-01-20 10:43:31.975]	[testing.TestManager]	[ALL]	Finished test with 800000
[24]	[2020-01-20 10:43:31.982]	[testing.tests.E_ScanTest]	[SEVERE]	Caught an uncaught Exception (might be cause of previous)
[24]	[2020-01-20 10:43:31.982]	[testing.tests.E_ScanTest]	[SEVERE]	java.util.NoSuchElementException
[24]	[2020-01-20 10:43:31.982]	[testing.tests.E_ScanTest]	[SEVERE]		at java.base/java.util.Scanner.throwFor(Scanner.java:937)
[24]	[2020-01-20 10:43:31.982]	[testing.tests.E_ScanTest]	[SEVERE]		at java.base/java.util.Scanner.next(Scanner.java:1478)
[24]	[2020-01-20 10:43:31.982]	[testing.tests.E_ScanTest]	[SEVERE]		at edu.udo.cs.rvs.ssdp.User.run(User.java:35)
[24]	[2020-01-20 10:43:31.982]	[testing.tests.E_ScanTest]	[SEVERE]		at java.base/java.lang.Thread.run(Thread.java:834)
[25]	[2020-01-20 10:43:31.982]	[DatagramSocket[7830430][0.0.0.0:1900]]	[FINER]	peekData entered
[26]	[2020-01-20 10:43:31.982]	[testing.tests.E_ScanTest]	[WARNING]	A list should be checked if it is not empty, before accessing its contents!
[[[[[END OF LOGGING:3f0125b8-597a-4a54-a47f-3efe9af55bb6]]]]]
[[[[[END OF TEST:3f0125b8-597a-4a54-a47f-3efe9af55bb6]]]]]

################################################################
Error Stream:
[java, -cp, /home/homafe00/tests/bin:/home/homafe00/tests/lsf-BRUVS-19_2-Abgabe der Programmieraufgabe-512853/Marcel Bienia_425286_assignsubmission_file_/Vorgabe/Vorgabe/src, overrides.TestingProtocol, testx, 4, /home/homafe00/tests/lsf-BRUVS-19_2-Abgabe der Programmieraufgabe-512853/Marcel Bienia_425286_assignsubmission_file_]

################################################################
################################################################
[[[[[START OF TESTPROTOCOL]]]]]
Test: 5
Test-Label: Extended Scan Test (Simple 200 OK reply)
UUID: c53bbc91-9a5b-459c-8a1b-2063fa2024f2
Return: 1000000
Abort: false
Review: false
Exception: null
[[[[[START OF LOGGING!]]]]]
[SeqNum]	[Timestamp]	[Logger]	[LogLevel]	Message
[0]	[2020-01-20 10:43:32.356]	[testing.TestManager]	[ALL]	Starting test: Extended Scan Test (Simple 200 OK reply)
[1]	[2020-01-20 10:43:32.365]	[testing.tests.F_ExtendedScanTest]	[INFO]	Starting Submission
[2]	[2020-01-20 10:43:32.394]	[DatagramSocket[608ddfed][new]]	[FINE]	Creating
[3]	[2020-01-20 10:43:32.394]	[DatagramSocket[608ddfed][new]]	[INFO]	Rename to: DatagramSocket[608ddfed][unbound]
[4]	[2020-01-20 10:43:32.395]	[DatagramSocket[608ddfed][unbound]]	[FINE]	Created
[5]	[2020-01-20 10:43:32.398]	[DatagramSocket[608ddfed][unbound]]	[FINE]	Set option 4: true
[6]	[2020-01-20 10:43:32.398]	[DatagramSocket[608ddfed][unbound]]	[FINE]	Binding to 0.0.0.0/0.0.0.0, Port 1900
[7]	[2020-01-20 10:43:32.398]	[DatagramSocket[608ddfed][unbound]]	[INFO]	Rename to: DatagramSocket[608ddfed][0.0.0.0:1900]
[8]	[2020-01-20 10:43:32.403]	[DatagramSocket[608ddfed][0.0.0.0:1900]]	[FINE]	Bound.
[9]	[2020-01-20 10:43:32.405]	[DatagramSocket[608ddfed][0.0.0.0:1900]]	[INFO]	Joining group 239.255.255.250
[10]	[2020-01-20 10:43:32.407]	[DatagramSocket[608ddfed][0.0.0.0:1900]]	[FINER]	peekData entered
[11]	[2020-01-20 10:43:32.487]	[testing.tests.F_ExtendedScanTest]	[FINE]	Waiting for up to 10 seconds for ready state
[12]	[2020-01-20 10:43:32.489]	[testing.tests.F_ExtendedScanTest]	[INFO]	Done waiting
[13]	[2020-01-20 10:43:32.489]	[testing.tests.F_ExtendedScanTest]	[INFO]	Sending "SCAN"
[14]	[2020-01-20 10:43:32.740]	[testing.tests.F_ExtendedScanTest]	[INFO]	Sending "scan"
[15]	[2020-01-20 10:43:32.990]	[testing.tests.F_ExtendedScanTest]	[INFO]	Sending "scan"
[16]	[2020-01-20 10:43:33.241]	[testing.tests.F_ExtendedScanTest]	[INFO]	Sending "scaN"
[17]	[2020-01-20 10:43:33.444]	[DatagramSocket[608ddfed][0.0.0.0:1900]]	[FINER]	receive entered
[18]	[2020-01-20 10:43:33.456]	[testing.tests.F_ExtendedScanTest]	[FINE]	Submission sent: [M-SEARCH * HTTP/1.1, S: uuid:cb275b09-d496-4549-9300-4a707ce4657b, HOST: 239.255.255.250:1900, MAN: ssdp:discover , ST: ge:fridge]
[19]	[2020-01-20 10:43:33.461]	[testing.tests.F_ExtendedScanTest]	[FINE]	 >> M-SEARCH * HTTP/1.1\r\n
[19]	[2020-01-20 10:43:33.461]	[testing.tests.F_ExtendedScanTest]	[FINE]	 >> S: uuid:cb275b09-d496-4549-9300-4a707ce4657b\r\n
[19]	[2020-01-20 10:43:33.461]	[testing.tests.F_ExtendedScanTest]	[FINE]	 >> HOST: 239.255.255.250:1900\r\n
[19]	[2020-01-20 10:43:33.461]	[testing.tests.F_ExtendedScanTest]	[FINE]	 >> MAN: ssdp:discover \r\n
[19]	[2020-01-20 10:43:33.461]	[testing.tests.F_ExtendedScanTest]	[FINE]	 >> ST: ge:fridge\r\n
[19]	[2020-01-20 10:43:33.461]	[testing.tests.F_ExtendedScanTest]	[FINE]	 >> \r\n
[20]	[2020-01-20 10:43:33.473]	[DatagramSocket[608ddfed][0.0.0.0:1900]]	[FINER]	peekData entered
[21]	[2020-01-20 10:43:33.491]	[testing.tests.F_ExtendedScanTest]	[INFO]	Waiting 10 seconds for attempt to scan Received
[22]	[2020-01-20 10:43:33.492]	[testing.tests.F_ExtendedScanTest]	[INFO]	Done Waiting
[23]	[2020-01-20 10:43:33.492]	[testing.tests.F_ExtendedScanTest]	[INFO]	Sending: 
[23]	[2020-01-20 10:43:33.492]	[testing.tests.F_ExtendedScanTest]	[INFO]	 >> HTTP/1.1 200 OK\r\n
[23]	[2020-01-20 10:43:33.492]	[testing.tests.F_ExtendedScanTest]	[INFO]	 >> S: uuid:cb275b09-d496-4549-9300-4a707ce4657b\r\n
[23]	[2020-01-20 10:43:33.492]	[testing.tests.F_ExtendedScanTest]	[INFO]	 >> ST: ge:a50metreIceCubeGenerator\r\n
[23]	[2020-01-20 10:43:33.492]	[testing.tests.F_ExtendedScanTest]	[INFO]	 >> USN: uuid:fc8a6e00-067a-4c8a-a028-22a96cfce827\r\n
[23]	[2020-01-20 10:43:33.492]	[testing.tests.F_ExtendedScanTest]	[INFO]	 >> \r\n
[24]	[2020-01-20 10:43:33.493]	[testing.tests.F_ExtendedScanTest]	[INFO]	Waiting for Packet to be received
[25]	[2020-01-20 10:43:33.496]	[DatagramSocket[608ddfed][0.0.0.0:1900]]	[FINER]	receive entered
[26]	[2020-01-20 10:43:33.498]	[testing.tests.F_ExtendedScanTest]	[INFO]	Waiting another second
[27]	[2020-01-20 10:43:33.507]	[DatagramSocket[608ddfed][0.0.0.0:1900]]	[FINER]	peekData entered
[28]	[2020-01-20 10:43:34.498]	[System.out]	[ALL]	Sending list
[30]	[2020-01-20 10:43:34.750]	[testing.tests.F_ExtendedScanTest]	[INFO]	Sending "list"
[31]	[2020-01-20 10:43:35.000]	[testing.tests.F_ExtendedScanTest]	[INFO]	Sending "list"
[32]	[2020-01-20 10:43:35.250]	[testing.tests.F_ExtendedScanTest]	[INFO]	Sending "lisT"
[34]	[2020-01-20 10:43:35.495]	[testing.tests.F_ExtendedScanTest]	[POINTS]	Awarding all points: Format is ok and device is listed
[33]	[2020-01-20 10:43:35.494]	[System.out]	[ALL]	fc8a6e00-067a-4c8a-a028-22a96cfce827   -   ge:a50metreIceCubeGenerator
[36]	[2020-01-20 10:43:35.501]	[testing.tests.F_ExtendedScanTest]	[INFO]	Waiting for list output.
[37]	[2020-01-20 10:43:35.501]	[testing.tests.F_ExtendedScanTest]	[INFO]	Waiting 10 seconds for successful Device listing.
[38]	[2020-01-20 10:43:35.501]	[testing.tests.F_ExtendedScanTest]	[INFO]	Done Waiting
[39]	[2020-01-20 10:43:35.502]	[testing.TestManager]	[ALL]	Finished test with 1000000
[40]	[2020-01-20 10:43:35.506]	[testing.tests.F_ExtendedScanTest]	[SEVERE]	Caught an uncaught Exception (might be cause of previous)
[40]	[2020-01-20 10:43:35.506]	[testing.tests.F_ExtendedScanTest]	[SEVERE]	java.util.NoSuchElementException
[40]	[2020-01-20 10:43:35.506]	[testing.tests.F_ExtendedScanTest]	[SEVERE]		at java.base/java.util.Scanner.throwFor(Scanner.java:937)
[40]	[2020-01-20 10:43:35.506]	[testing.tests.F_ExtendedScanTest]	[SEVERE]		at java.base/java.util.Scanner.next(Scanner.java:1478)
[40]	[2020-01-20 10:43:35.506]	[testing.tests.F_ExtendedScanTest]	[SEVERE]		at edu.udo.cs.rvs.ssdp.User.run(User.java:35)
[40]	[2020-01-20 10:43:35.506]	[testing.tests.F_ExtendedScanTest]	[SEVERE]		at java.base/java.lang.Thread.run(Thread.java:834)
[41]	[2020-01-20 10:43:35.506]	[testing.tests.F_ExtendedScanTest]	[WARNING]	A list should be checked if it is not empty, before accessing its contents!
[[[[[END OF LOGGING:c53bbc91-9a5b-459c-8a1b-2063fa2024f2]]]]]
[[[[[END OF TEST:c53bbc91-9a5b-459c-8a1b-2063fa2024f2]]]]]

################################################################
Error Stream:
[java, -cp, /home/homafe00/tests/bin:/home/homafe00/tests/lsf-BRUVS-19_2-Abgabe der Programmieraufgabe-512853/Marcel Bienia_425286_assignsubmission_file_/Vorgabe/Vorgabe/src, overrides.TestingProtocol, testx, 5, /home/homafe00/tests/lsf-BRUVS-19_2-Abgabe der Programmieraufgabe-512853/Marcel Bienia_425286_assignsubmission_file_]

################################################################
################################################################
[[[[[START OF TESTPROTOCOL]]]]]
Test: 6
Test-Label: Much extended Scan Test (Many 200 OK replies)
UUID: 7a21c940-2bdc-4302-9538-a795d91822fd
Return: 1000000
Abort: false
Review: false
Exception: null
[[[[[START OF LOGGING!]]]]]
[SeqNum]	[Timestamp]	[Logger]	[LogLevel]	Message
[0]	[2020-01-20 10:43:35.821]	[testing.TestManager]	[ALL]	Starting test: Much extended Scan Test (Many 200 OK replies)
[1]	[2020-01-20 10:43:35.827]	[testing.tests.G_MuchExtendedScanTest]	[INFO]	Starting Submission
[2]	[2020-01-20 10:43:35.855]	[DatagramSocket[5eb1719a][new]]	[FINE]	Creating
[3]	[2020-01-20 10:43:35.855]	[DatagramSocket[5eb1719a][new]]	[INFO]	Rename to: DatagramSocket[5eb1719a][unbound]
[4]	[2020-01-20 10:43:35.855]	[DatagramSocket[5eb1719a][unbound]]	[FINE]	Created
[5]	[2020-01-20 10:43:35.858]	[DatagramSocket[5eb1719a][unbound]]	[FINE]	Set option 4: true
[6]	[2020-01-20 10:43:35.858]	[DatagramSocket[5eb1719a][unbound]]	[FINE]	Binding to 0.0.0.0/0.0.0.0, Port 1900
[7]	[2020-01-20 10:43:35.858]	[DatagramSocket[5eb1719a][unbound]]	[INFO]	Rename to: DatagramSocket[5eb1719a][0.0.0.0:1900]
[8]	[2020-01-20 10:43:35.862]	[DatagramSocket[5eb1719a][0.0.0.0:1900]]	[FINE]	Bound.
[9]	[2020-01-20 10:43:35.863]	[DatagramSocket[5eb1719a][0.0.0.0:1900]]	[INFO]	Joining group 239.255.255.250
[10]	[2020-01-20 10:43:35.865]	[DatagramSocket[5eb1719a][0.0.0.0:1900]]	[FINER]	peekData entered
[11]	[2020-01-20 10:43:35.945]	[testing.tests.G_MuchExtendedScanTest]	[FINE]	Waiting for up to 10 seconds for ready state
[12]	[2020-01-20 10:43:35.948]	[testing.tests.G_MuchExtendedScanTest]	[INFO]	Done waiting
[13]	[2020-01-20 10:43:35.948]	[testing.tests.G_MuchExtendedScanTest]	[INFO]	Sending "SCAN"
[14]	[2020-01-20 10:43:36.199]	[testing.tests.G_MuchExtendedScanTest]	[INFO]	Sending "scan"
[15]	[2020-01-20 10:43:36.450]	[testing.tests.G_MuchExtendedScanTest]	[INFO]	Sending "scan"
[16]	[2020-01-20 10:43:36.700]	[testing.tests.G_MuchExtendedScanTest]	[INFO]	Sending "scaN"
[17]	[2020-01-20 10:43:36.890]	[DatagramSocket[5eb1719a][0.0.0.0:1900]]	[FINER]	receive entered
[18]	[2020-01-20 10:43:36.892]	[testing.tests.G_MuchExtendedScanTest]	[FINE]	Submission sent: [M-SEARCH * HTTP/1.1, S: uuid:aa0b140e-f287-4d5e-ac83-bb44844198d7, HOST: 239.255.255.250:1900, MAN: ssdp:discover , ST: ge:fridge]
[19]	[2020-01-20 10:43:36.893]	[testing.tests.G_MuchExtendedScanTest]	[FINE]	 >> M-SEARCH * HTTP/1.1\r\n
[19]	[2020-01-20 10:43:36.893]	[testing.tests.G_MuchExtendedScanTest]	[FINE]	 >> S: uuid:aa0b140e-f287-4d5e-ac83-bb44844198d7\r\n
[19]	[2020-01-20 10:43:36.893]	[testing.tests.G_MuchExtendedScanTest]	[FINE]	 >> HOST: 239.255.255.250:1900\r\n
[19]	[2020-01-20 10:43:36.893]	[testing.tests.G_MuchExtendedScanTest]	[FINE]	 >> MAN: ssdp:discover \r\n
[19]	[2020-01-20 10:43:36.893]	[testing.tests.G_MuchExtendedScanTest]	[FINE]	 >> ST: ge:fridge\r\n
[19]	[2020-01-20 10:43:36.893]	[testing.tests.G_MuchExtendedScanTest]	[FINE]	 >> \r\n
[20]	[2020-01-20 10:43:36.905]	[DatagramSocket[5eb1719a][0.0.0.0:1900]]	[FINER]	peekData entered
[21]	[2020-01-20 10:43:36.950]	[testing.tests.G_MuchExtendedScanTest]	[INFO]	Waiting 10 seconds for attempt to scan Received
[22]	[2020-01-20 10:43:36.951]	[testing.tests.G_MuchExtendedScanTest]	[INFO]	Done Waiting
[23]	[2020-01-20 10:43:36.954]	[testing.tests.G_MuchExtendedScanTest]	[INFO]	Sending: 
[23]	[2020-01-20 10:43:36.954]	[testing.tests.G_MuchExtendedScanTest]	[INFO]	 >> HTTP/1.1 200 OK\r\n
[23]	[2020-01-20 10:43:36.954]	[testing.tests.G_MuchExtendedScanTest]	[INFO]	 >> USN: uuid:0ee44d19-4d44-4538-ae4f-de5d8acbd552\r\n
[23]	[2020-01-20 10:43:36.954]	[testing.tests.G_MuchExtendedScanTest]	[INFO]	 >> ST: usn:malware\r\n
[23]	[2020-01-20 10:43:36.954]	[testing.tests.G_MuchExtendedScanTest]	[INFO]	 >> S: aa0b140e-f287-4d5e-ac83-bb44844198d7\r\n
[23]	[2020-01-20 10:43:36.954]	[testing.tests.G_MuchExtendedScanTest]	[INFO]	 >> \r\n
[24]	[2020-01-20 10:43:36.955]	[testing.tests.G_MuchExtendedScanTest]	[INFO]	Sending: 
[24]	[2020-01-20 10:43:36.955]	[testing.tests.G_MuchExtendedScanTest]	[INFO]	 >> HTTP/1.1 200 OK\r\n
[24]	[2020-01-20 10:43:36.955]	[testing.tests.G_MuchExtendedScanTest]	[INFO]	 >> USN: uuid:0ee44d19-4d44-4538-ae4f-de5d8acbd552\r\n
[24]	[2020-01-20 10:43:36.955]	[testing.tests.G_MuchExtendedScanTest]	[INFO]	 >> S: aa0b140e-f287-4d5e-ac83-bb44844198d7\r\n
[24]	[2020-01-20 10:43:36.955]	[testing.tests.G_MuchExtendedScanTest]	[INFO]	 >> ST: ge:wanpppconnection\r\n
[24]	[2020-01-20 10:43:36.955]	[testing.tests.G_MuchExtendedScanTest]	[INFO]	 >> \r\n
[25]	[2020-01-20 10:43:36.955]	[DatagramSocket[5eb1719a][0.0.0.0:1900]]	[FINER]	receive entered
[26]	[2020-01-20 10:43:36.955]	[testing.tests.G_MuchExtendedScanTest]	[INFO]	Sending: 
[26]	[2020-01-20 10:43:36.955]	[testing.tests.G_MuchExtendedScanTest]	[INFO]	 >> HTTP/1.1 200 OK\r\n
[26]	[2020-01-20 10:43:36.955]	[testing.tests.G_MuchExtendedScanTest]	[INFO]	 >> S: aa0b140e-f287-4d5e-ac83-bb44844198d7\r\n
[26]	[2020-01-20 10:43:36.955]	[testing.tests.G_MuchExtendedScanTest]	[INFO]	 >> ST: usn:teapot\r\n
[26]	[2020-01-20 10:43:36.955]	[testing.tests.G_MuchExtendedScanTest]	[INFO]	 >> USN: uuid:5401da0b-7cdd-45a0-b0e4-a4063db14b04\r\n
[26]	[2020-01-20 10:43:36.955]	[testing.tests.G_MuchExtendedScanTest]	[INFO]	 >> \r\n
[27]	[2020-01-20 10:43:36.955]	[testing.tests.G_MuchExtendedScanTest]	[INFO]	Sending: 
[27]	[2020-01-20 10:43:36.955]	[testing.tests.G_MuchExtendedScanTest]	[INFO]	 >> HTTP/1.1 200 OK\r\n
[27]	[2020-01-20 10:43:36.955]	[testing.tests.G_MuchExtendedScanTest]	[INFO]	 >> ST: usn:cryptolocker\r\n
[27]	[2020-01-20 10:43:36.955]	[testing.tests.G_MuchExtendedScanTest]	[INFO]	 >> S: aa0b140e-f287-4d5e-ac83-bb44844198d7\r\n
[27]	[2020-01-20 10:43:36.955]	[testing.tests.G_MuchExtendedScanTest]	[INFO]	 >> USN: uuid:5401da0b-7cdd-45a0-b0e4-a4063db14b04\r\n
[27]	[2020-01-20 10:43:36.955]	[testing.tests.G_MuchExtendedScanTest]	[INFO]	 >> \r\n
[28]	[2020-01-20 10:43:36.956]	[testing.tests.G_MuchExtendedScanTest]	[INFO]	Sending: 
[28]	[2020-01-20 10:43:36.956]	[testing.tests.G_MuchExtendedScanTest]	[INFO]	 >> HTTP/1.1 200 OK\r\n
[28]	[2020-01-20 10:43:36.956]	[testing.tests.G_MuchExtendedScanTest]	[INFO]	 >> ST: thingy:bunsenburner\r\n
[28]	[2020-01-20 10:43:36.956]	[testing.tests.G_MuchExtendedScanTest]	[INFO]	 >> USN: uuid:319be15c-06b5-45ce-bf55-943555159e12\r\n
[28]	[2020-01-20 10:43:36.956]	[testing.tests.G_MuchExtendedScanTest]	[INFO]	 >> S: aa0b140e-f287-4d5e-ac83-bb44844198d7\r\n
[28]	[2020-01-20 10:43:36.956]	[testing.tests.G_MuchExtendedScanTest]	[INFO]	 >> \r\n
[29]	[2020-01-20 10:43:36.956]	[testing.tests.G_MuchExtendedScanTest]	[INFO]	Sending: 
[29]	[2020-01-20 10:43:36.956]	[testing.tests.G_MuchExtendedScanTest]	[INFO]	 >> HTTP/1.1 200 OK\r\n
[29]	[2020-01-20 10:43:36.956]	[testing.tests.G_MuchExtendedScanTest]	[INFO]	 >> USN: uuid:60ed33fe-4d4d-459c-b6df-e9dea1b8fcca\r\n
[29]	[2020-01-20 10:43:36.956]	[testing.tests.G_MuchExtendedScanTest]	[INFO]	 >> ST: usn:spyware\r\n
[29]	[2020-01-20 10:43:36.956]	[testing.tests.G_MuchExtendedScanTest]	[INFO]	 >> S: aa0b140e-f287-4d5e-ac83-bb44844198d7\r\n
[29]	[2020-01-20 10:43:36.956]	[testing.tests.G_MuchExtendedScanTest]	[INFO]	 >> \r\n
[30]	[2020-01-20 10:43:36.957]	[testing.tests.G_MuchExtendedScanTest]	[INFO]	Sending: 
[30]	[2020-01-20 10:43:36.957]	[testing.tests.G_MuchExtendedScanTest]	[INFO]	 >> HTTP/1.1 200 OK\r\n
[30]	[2020-01-20 10:43:36.957]	[testing.tests.G_MuchExtendedScanTest]	[INFO]	 >> S: aa0b140e-f287-4d5e-ac83-bb44844198d7\r\n
[30]	[2020-01-20 10:43:36.957]	[testing.tests.G_MuchExtendedScanTest]	[INFO]	 >> ST: virtual:spyware\r\n
[30]	[2020-01-20 10:43:36.957]	[testing.tests.G_MuchExtendedScanTest]	[INFO]	 >> USN: uuid:5c20ae7e-6af4-47b7-8436-d55e2bae9647\r\n
[30]	[2020-01-20 10:43:36.957]	[testing.tests.G_MuchExtendedScanTest]	[INFO]	 >> \r\n
[31]	[2020-01-20 10:43:36.957]	[testing.tests.G_MuchExtendedScanTest]	[INFO]	Sending: 
[31]	[2020-01-20 10:43:36.957]	[testing.tests.G_MuchExtendedScanTest]	[INFO]	 >> HTTP/1.1 200 OK\r\n
[31]	[2020-01-20 10:43:36.957]	[testing.tests.G_MuchExtendedScanTest]	[INFO]	 >> ST: thingy:internetconnection\r\n
[31]	[2020-01-20 10:43:36.957]	[testing.tests.G_MuchExtendedScanTest]	[INFO]	 >> USN: uuid:5d05fad1-3a64-4f0a-bbd6-319fc6592154\r\n
[31]	[2020-01-20 10:43:36.957]	[testing.tests.G_MuchExtendedScanTest]	[INFO]	 >> S: aa0b140e-f287-4d5e-ac83-bb44844198d7\r\n
[31]	[2020-01-20 10:43:36.957]	[testing.tests.G_MuchExtendedScanTest]	[INFO]	 >> \r\n
[32]	[2020-01-20 10:43:36.957]	[testing.tests.G_MuchExtendedScanTest]	[INFO]	Sending: 
[32]	[2020-01-20 10:43:36.957]	[testing.tests.G_MuchExtendedScanTest]	[INFO]	 >> HTTP/1.1 200 OK\r\n
[32]	[2020-01-20 10:43:36.957]	[testing.tests.G_MuchExtendedScanTest]	[INFO]	 >> ST: usn:mitmattacker\r\n
[32]	[2020-01-20 10:43:36.957]	[testing.tests.G_MuchExtendedScanTest]	[INFO]	 >> USN: uuid:85c3dcb6-c127-43af-ae75-744dfbff970a\r\n
[32]	[2020-01-20 10:43:36.957]	[testing.tests.G_MuchExtendedScanTest]	[INFO]	 >> S: aa0b140e-f287-4d5e-ac83-bb44844198d7\r\n
[32]	[2020-01-20 10:43:36.957]	[testing.tests.G_MuchExtendedScanTest]	[INFO]	 >> \r\n
[33]	[2020-01-20 10:43:36.958]	[testing.tests.G_MuchExtendedScanTest]	[INFO]	Sending: 
[33]	[2020-01-20 10:43:36.958]	[testing.tests.G_MuchExtendedScanTest]	[INFO]	 >> HTTP/1.1 200 OK\r\n
[33]	[2020-01-20 10:43:36.958]	[testing.tests.G_MuchExtendedScanTest]	[INFO]	 >> S: aa0b140e-f287-4d5e-ac83-bb44844198d7\r\n
[33]	[2020-01-20 10:43:36.958]	[testing.tests.G_MuchExtendedScanTest]	[INFO]	 >> ST: ge:malware\r\n
[33]	[2020-01-20 10:43:36.958]	[testing.tests.G_MuchExtendedScanTest]	[INFO]	 >> USN: uuid:1c4a9ac3-995e-41b5-94ea-a641f1bb3da3\r\n
[33]	[2020-01-20 10:43:36.958]	[testing.tests.G_MuchExtendedScanTest]	[INFO]	 >> \r\n
[34]	[2020-01-20 10:43:36.958]	[testing.tests.G_MuchExtendedScanTest]	[INFO]	Sending: 
[34]	[2020-01-20 10:43:36.958]	[testing.tests.G_MuchExtendedScanTest]	[INFO]	 >> HTTP/1.1 200 OK\r\n
[34]	[2020-01-20 10:43:36.958]	[testing.tests.G_MuchExtendedScanTest]	[INFO]	 >> USN: uuid:1c4a9ac3-995e-41b5-94ea-a641f1bb3da3\r\n
[34]	[2020-01-20 10:43:36.958]	[testing.tests.G_MuchExtendedScanTest]	[INFO]	 >> ST: upnp:eve\r\n
[34]	[2020-01-20 10:43:36.958]	[testing.tests.G_MuchExtendedScanTest]	[INFO]	 >> S: aa0b140e-f287-4d5e-ac83-bb44844198d7\r\n
[34]	[2020-01-20 10:43:36.958]	[testing.tests.G_MuchExtendedScanTest]	[INFO]	 >> \r\n
[35]	[2020-01-20 10:43:36.958]	[testing.tests.G_MuchExtendedScanTest]	[INFO]	Sending: 
[35]	[2020-01-20 10:43:36.958]	[testing.tests.G_MuchExtendedScanTest]	[INFO]	 >> HTTP/1.1 200 OK\r\n
[35]	[2020-01-20 10:43:36.958]	[testing.tests.G_MuchExtendedScanTest]	[INFO]	 >> USN: uuid:0fc2c858-5b5d-4508-b869-8a6fd561b3f1\r\n
[35]	[2020-01-20 10:43:36.958]	[testing.tests.G_MuchExtendedScanTest]	[INFO]	 >> S: aa0b140e-f287-4d5e-ac83-bb44844198d7\r\n
[35]	[2020-01-20 10:43:36.958]	[testing.tests.G_MuchExtendedScanTest]	[INFO]	 >> ST: virtual:dummydevice\r\n
[35]	[2020-01-20 10:43:36.958]	[testing.tests.G_MuchExtendedScanTest]	[INFO]	 >> \r\n
[36]	[2020-01-20 10:43:36.958]	[testing.tests.G_MuchExtendedScanTest]	[INFO]	Sending: 
[36]	[2020-01-20 10:43:36.958]	[testing.tests.G_MuchExtendedScanTest]	[INFO]	 >> HTTP/1.1 200 OK\r\n
[36]	[2020-01-20 10:43:36.958]	[testing.tests.G_MuchExtendedScanTest]	[INFO]	 >> ST: usn:cookingpot\r\n
[36]	[2020-01-20 10:43:36.958]	[testing.tests.G_MuchExtendedScanTest]	[INFO]	 >> S: aa0b140e-f287-4d5e-ac83-bb44844198d7\r\n
[36]	[2020-01-20 10:43:36.958]	[testing.tests.G_MuchExtendedScanTest]	[INFO]	 >> USN: uuid:0fc2c858-5b5d-4508-b869-8a6fd561b3f1\r\n
[36]	[2020-01-20 10:43:36.958]	[testing.tests.G_MuchExtendedScanTest]	[INFO]	 >> \r\n
[37]	[2020-01-20 10:43:36.959]	[testing.tests.G_MuchExtendedScanTest]	[INFO]	Sending: 
[37]	[2020-01-20 10:43:36.959]	[testing.tests.G_MuchExtendedScanTest]	[INFO]	 >> HTTP/1.1 200 OK\r\n
[37]	[2020-01-20 10:43:36.959]	[testing.tests.G_MuchExtendedScanTest]	[INFO]	 >> USN: uuid:c30269f9-6709-486b-8236-6af8b4b93f09\r\n
[37]	[2020-01-20 10:43:36.959]	[testing.tests.G_MuchExtendedScanTest]	[INFO]	 >> S: aa0b140e-f287-4d5e-ac83-bb44844198d7\r\n
[37]	[2020-01-20 10:43:36.959]	[testing.tests.G_MuchExtendedScanTest]	[INFO]	 >> ST: virtual:malware\r\n
[37]	[2020-01-20 10:43:36.959]	[testing.tests.G_MuchExtendedScanTest]	[INFO]	 >> \r\n
[38]	[2020-01-20 10:43:36.959]	[testing.tests.G_MuchExtendedScanTest]	[INFO]	Waiting up to 10 seconds for Packets to be received
[39]	[2020-01-20 10:43:36.965]	[DatagramSocket[5eb1719a][0.0.0.0:1900]]	[FINER]	peekData entered
[40]	[2020-01-20 10:43:36.966]	[DatagramSocket[5eb1719a][0.0.0.0:1900]]	[FINER]	receive entered
[41]	[2020-01-20 10:43:36.976]	[DatagramSocket[5eb1719a][0.0.0.0:1900]]	[FINER]	peekData entered
[42]	[2020-01-20 10:43:36.976]	[DatagramSocket[5eb1719a][0.0.0.0:1900]]	[FINER]	receive entered
[43]	[2020-01-20 10:43:36.986]	[DatagramSocket[5eb1719a][0.0.0.0:1900]]	[FINER]	peekData entered
[44]	[2020-01-20 10:43:36.987]	[DatagramSocket[5eb1719a][0.0.0.0:1900]]	[FINER]	receive entered
[45]	[2020-01-20 10:43:36.997]	[DatagramSocket[5eb1719a][0.0.0.0:1900]]	[FINER]	peekData entered
[46]	[2020-01-20 10:43:36.997]	[DatagramSocket[5eb1719a][0.0.0.0:1900]]	[FINER]	receive entered
[47]	[2020-01-20 10:43:37.007]	[DatagramSocket[5eb1719a][0.0.0.0:1900]]	[FINER]	peekData entered
[48]	[2020-01-20 10:43:37.008]	[DatagramSocket[5eb1719a][0.0.0.0:1900]]	[FINER]	receive entered
[49]	[2020-01-20 10:43:37.018]	[DatagramSocket[5eb1719a][0.0.0.0:1900]]	[FINER]	peekData entered
[50]	[2020-01-20 10:43:37.018]	[DatagramSocket[5eb1719a][0.0.0.0:1900]]	[FINER]	receive entered
[51]	[2020-01-20 10:43:37.029]	[DatagramSocket[5eb1719a][0.0.0.0:1900]]	[FINER]	peekData entered
[52]	[2020-01-20 10:43:37.029]	[DatagramSocket[5eb1719a][0.0.0.0:1900]]	[FINER]	receive entered
[53]	[2020-01-20 10:43:37.039]	[DatagramSocket[5eb1719a][0.0.0.0:1900]]	[FINER]	peekData entered
[54]	[2020-01-20 10:43:37.039]	[DatagramSocket[5eb1719a][0.0.0.0:1900]]	[FINER]	receive entered
[55]	[2020-01-20 10:43:37.050]	[DatagramSocket[5eb1719a][0.0.0.0:1900]]	[FINER]	peekData entered
[56]	[2020-01-20 10:43:37.050]	[DatagramSocket[5eb1719a][0.0.0.0:1900]]	[FINER]	receive entered
[57]	[2020-01-20 10:43:37.060]	[DatagramSocket[5eb1719a][0.0.0.0:1900]]	[FINER]	peekData entered
[58]	[2020-01-20 10:43:37.060]	[DatagramSocket[5eb1719a][0.0.0.0:1900]]	[FINER]	receive entered
[59]	[2020-01-20 10:43:37.071]	[DatagramSocket[5eb1719a][0.0.0.0:1900]]	[FINER]	peekData entered
[60]	[2020-01-20 10:43:37.071]	[DatagramSocket[5eb1719a][0.0.0.0:1900]]	[FINER]	receive entered
[61]	[2020-01-20 10:43:37.081]	[DatagramSocket[5eb1719a][0.0.0.0:1900]]	[FINER]	peekData entered
[62]	[2020-01-20 10:43:37.082]	[DatagramSocket[5eb1719a][0.0.0.0:1900]]	[FINER]	receive entered
[63]	[2020-01-20 10:43:37.092]	[DatagramSocket[5eb1719a][0.0.0.0:1900]]	[FINER]	peekData entered
[64]	[2020-01-20 10:43:37.092]	[DatagramSocket[5eb1719a][0.0.0.0:1900]]	[FINER]	receive entered
[65]	[2020-01-20 10:43:37.102]	[DatagramSocket[5eb1719a][0.0.0.0:1900]]	[FINER]	peekData entered
[66]	[2020-01-20 10:43:46.962]	[testing.tests.G_MuchExtendedScanTest]	[INFO]	Waiting another 5 seconds
[67]	[2020-01-20 10:43:51.962]	[System.out]	[ALL]	Sending list
[69]	[2020-01-20 10:43:52.213]	[testing.tests.G_MuchExtendedScanTest]	[INFO]	Sending "list"
[70]	[2020-01-20 10:43:52.464]	[testing.tests.G_MuchExtendedScanTest]	[INFO]	Sending "list"
[71]	[2020-01-20 10:43:52.714]	[testing.tests.G_MuchExtendedScanTest]	[INFO]	Sending "lisT"
[72]	[2020-01-20 10:43:52.916]	[System.out]	[ALL]	0ee44d19-4d44-4538-ae4f-de5d8acbd552   -   usn:malware, ge:wanpppconnection, 
[74]	[2020-01-20 10:43:52.917]	[System.out]	[ALL]	5401da0b-7cdd-45a0-b0e4-a4063db14b04   -   usn:teapot, usn:cryptolocker, 
[76]	[2020-01-20 10:43:52.929]	[System.out]	[ALL]	319be15c-06b5-45ce-bf55-943555159e12   -   thingy:bunsenburner
[78]	[2020-01-20 10:43:52.929]	[System.out]	[ALL]	60ed33fe-4d4d-459c-b6df-e9dea1b8fcca   -   usn:spyware
[80]	[2020-01-20 10:43:52.930]	[System.out]	[ALL]	5c20ae7e-6af4-47b7-8436-d55e2bae9647   -   virtual:spyware
[82]	[2020-01-20 10:43:52.930]	[System.out]	[ALL]	5d05fad1-3a64-4f0a-bbd6-319fc6592154   -   thingy:internetconnection
[84]	[2020-01-20 10:43:52.930]	[System.out]	[ALL]	85c3dcb6-c127-43af-ae75-744dfbff970a   -   usn:mitmattacker
[86]	[2020-01-20 10:43:52.930]	[System.out]	[ALL]	1c4a9ac3-995e-41b5-94ea-a641f1bb3da3   -   ge:malware, upnp:eve, 
[88]	[2020-01-20 10:43:52.930]	[System.out]	[ALL]	0fc2c858-5b5d-4508-b869-8a6fd561b3f1   -   virtual:dummydevice, usn:cookingpot, 
[90]	[2020-01-20 10:43:52.931]	[System.out]	[ALL]	c30269f9-6709-486b-8236-6af8b4b93f09   -   virtual:malware
[92]	[2020-01-20 10:43:52.964]	[testing.tests.G_MuchExtendedScanTest]	[INFO]	Waiting for list output.
[93]	[2020-01-20 10:43:52.964]	[testing.tests.G_MuchExtendedScanTest]	[INFO]	Waiting 30 seconds for silence of at least 2 seconds, minimal wait 10 seconds.
[94]	[2020-01-20 10:44:02.965]	[testing.tests.G_MuchExtendedScanTest]	[INFO]	Done Waiting
[95]	[2020-01-20 10:44:02.967]	[testing.tests.G_MuchExtendedScanTest]	[POINTS]	For each Device: ("displayed ServiceTypes" / "ServiceTypes of Device")*2.5% + "displayed uuid"*2.5% 
[96]	[2020-01-20 10:44:02.968]	[testing.tests.G_MuchExtendedScanTest]	[POINTS]	Result: 50.0
[97]	[2020-01-20 10:44:02.968]	[testing.tests.G_MuchExtendedScanTest]	[INFO]	Testing clear! Sending all capitalisations!
[98]	[2020-01-20 10:44:03.219]	[testing.tests.G_MuchExtendedScanTest]	[INFO]	Sending "clear"
[99]	[2020-01-20 10:44:03.469]	[testing.tests.G_MuchExtendedScanTest]	[INFO]	Sending "clear"
[100]	[2020-01-20 10:44:03.719]	[testing.tests.G_MuchExtendedScanTest]	[INFO]	Sending "cleaR"
[101]	[2020-01-20 10:44:03.970]	[testing.tests.G_MuchExtendedScanTest]	[INFO]	Sending "cleaR"
[102]	[2020-01-20 10:44:04.220]	[testing.tests.G_MuchExtendedScanTest]	[INFO]	Sending "cleAr"
[103]	[2020-01-20 10:44:04.470]	[testing.tests.G_MuchExtendedScanTest]	[INFO]	Sending "cleAr"
[104]	[2020-01-20 10:44:04.720]	[testing.tests.G_MuchExtendedScanTest]	[INFO]	Sending "cleAR"
[105]	[2020-01-20 10:44:04.971]	[testing.tests.G_MuchExtendedScanTest]	[INFO]	Sending "cleAR"
[106]	[2020-01-20 10:44:05.221]	[testing.tests.G_MuchExtendedScanTest]	[INFO]	Sending "clEar"
[107]	[2020-01-20 10:44:05.471]	[testing.tests.G_MuchExtendedScanTest]	[INFO]	Sending "clEar"
[108]	[2020-01-20 10:44:05.721]	[testing.tests.G_MuchExtendedScanTest]	[INFO]	Sending "clEaR"
[109]	[2020-01-20 10:44:05.972]	[testing.tests.G_MuchExtendedScanTest]	[INFO]	Sending "clEaR"
[110]	[2020-01-20 10:44:06.222]	[testing.tests.G_MuchExtendedScanTest]	[INFO]	Sending "clEAr"
[111]	[2020-01-20 10:44:06.472]	[testing.tests.G_MuchExtendedScanTest]	[INFO]	Sending "clEAr"
[112]	[2020-01-20 10:44:06.722]	[testing.tests.G_MuchExtendedScanTest]	[INFO]	Sending "clEAR"
[113]	[2020-01-20 10:44:06.973]	[testing.tests.G_MuchExtendedScanTest]	[INFO]	Sending "clEAR"
[114]	[2020-01-20 10:44:07.223]	[testing.tests.G_MuchExtendedScanTest]	[INFO]	Sending "cLear"
[115]	[2020-01-20 10:44:07.473]	[testing.tests.G_MuchExtendedScanTest]	[INFO]	Sending "cLear"
[116]	[2020-01-20 10:44:07.723]	[testing.tests.G_MuchExtendedScanTest]	[INFO]	Sending "cLeaR"
[117]	[2020-01-20 10:44:07.974]	[testing.tests.G_MuchExtendedScanTest]	[INFO]	Sending "cLeaR"
[118]	[2020-01-20 10:44:08.224]	[testing.tests.G_MuchExtendedScanTest]	[INFO]	Sending "cLeAr"
[119]	[2020-01-20 10:44:08.474]	[testing.tests.G_MuchExtendedScanTest]	[INFO]	Sending "cLeAr"
[120]	[2020-01-20 10:44:08.725]	[testing.tests.G_MuchExtendedScanTest]	[INFO]	Sending "cLeAR"
[121]	[2020-01-20 10:44:08.975]	[testing.tests.G_MuchExtendedScanTest]	[INFO]	Sending "cLeAR"
[122]	[2020-01-20 10:44:09.225]	[testing.tests.G_MuchExtendedScanTest]	[INFO]	Sending "cLEar"
[123]	[2020-01-20 10:44:09.475]	[testing.tests.G_MuchExtendedScanTest]	[INFO]	Sending "cLEar"
[124]	[2020-01-20 10:44:09.726]	[testing.tests.G_MuchExtendedScanTest]	[INFO]	Sending "cLEaR"
[125]	[2020-01-20 10:44:09.976]	[testing.tests.G_MuchExtendedScanTest]	[INFO]	Sending "cLEaR"
[126]	[2020-01-20 10:44:10.226]	[testing.tests.G_MuchExtendedScanTest]	[INFO]	Sending "cLEAr"
[127]	[2020-01-20 10:44:10.477]	[testing.tests.G_MuchExtendedScanTest]	[INFO]	Sending "cLEAr"
[128]	[2020-01-20 10:44:10.727]	[testing.tests.G_MuchExtendedScanTest]	[INFO]	Sending "cLEAR"
[129]	[2020-01-20 10:44:10.977]	[testing.tests.G_MuchExtendedScanTest]	[INFO]	Sending "cLEAR"
[130]	[2020-01-20 10:44:10.977]	[testing.tests.G_MuchExtendedScanTest]	[INFO]	Waiting 5 seconds
[131]	[2020-01-20 10:44:15.977]	[testing.tests.G_MuchExtendedScanTest]	[INFO]	Verifying clear using list, probably with all capitalisations
[132]	[2020-01-20 10:44:16.228]	[testing.tests.G_MuchExtendedScanTest]	[INFO]	Sending "list"
[133]	[2020-01-20 10:44:16.478]	[testing.tests.G_MuchExtendedScanTest]	[INFO]	Sending "list"
[134]	[2020-01-20 10:44:16.729]	[testing.tests.G_MuchExtendedScanTest]	[INFO]	Sending "lisT"
[135]	[2020-01-20 10:44:16.979]	[testing.tests.G_MuchExtendedScanTest]	[INFO]	Sending "lisT"
[136]	[2020-01-20 10:44:17.229]	[testing.tests.G_MuchExtendedScanTest]	[INFO]	Sending "liSt"
[137]	[2020-01-20 10:44:17.480]	[testing.tests.G_MuchExtendedScanTest]	[INFO]	Sending "liSt"
[138]	[2020-01-20 10:44:17.730]	[testing.tests.G_MuchExtendedScanTest]	[INFO]	Sending "liST"
[139]	[2020-01-20 10:44:17.980]	[testing.tests.G_MuchExtendedScanTest]	[INFO]	Sending "liST"
[140]	[2020-01-20 10:44:18.231]	[testing.tests.G_MuchExtendedScanTest]	[INFO]	Sending "lIst"
[141]	[2020-01-20 10:44:18.481]	[testing.tests.G_MuchExtendedScanTest]	[INFO]	Sending "lIst"
[142]	[2020-01-20 10:44:18.731]	[testing.tests.G_MuchExtendedScanTest]	[INFO]	Sending "lIsT"
[143]	[2020-01-20 10:44:18.982]	[testing.tests.G_MuchExtendedScanTest]	[INFO]	Sending "lIsT"
[144]	[2020-01-20 10:44:19.232]	[testing.tests.G_MuchExtendedScanTest]	[INFO]	Sending "lISt"
[145]	[2020-01-20 10:44:19.482]	[testing.tests.G_MuchExtendedScanTest]	[INFO]	Sending "lISt"
[146]	[2020-01-20 10:44:19.733]	[testing.tests.G_MuchExtendedScanTest]	[INFO]	Sending "lIST"
[147]	[2020-01-20 10:44:19.983]	[testing.tests.G_MuchExtendedScanTest]	[INFO]	Sending "lIST"
[148]	[2020-01-20 10:44:19.983]	[testing.tests.G_MuchExtendedScanTest]	[INFO]	Waiting for list output.
[149]	[2020-01-20 10:44:19.983]	[testing.tests.G_MuchExtendedScanTest]	[INFO]	Waiting 30 seconds for silence of at least 2 seconds, minimal wait 5 seconds.
[150]	[2020-01-20 10:44:24.984]	[testing.tests.G_MuchExtendedScanTest]	[INFO]	Done Waiting
[151]	[2020-01-20 10:44:24.984]	[testing.tests.G_MuchExtendedScanTest]	[POINTS]	50% Points awarded for clearing List
[152]	[2020-01-20 10:44:24.984]	[testing.tests.G_MuchExtendedScanTest]	[POINTS]	Sum: 100.0
[153]	[2020-01-20 10:44:24.985]	[testing.TestManager]	[ALL]	Finished test with 1000000
[154]	[2020-01-20 10:44:24.985]	[testing.tests.G_MuchExtendedScanTest]	[SEVERE]	Caught an uncaught Exception (might be cause of previous)
[154]	[2020-01-20 10:44:24.985]	[testing.tests.G_MuchExtendedScanTest]	[SEVERE]	java.util.NoSuchElementException
[154]	[2020-01-20 10:44:24.985]	[testing.tests.G_MuchExtendedScanTest]	[SEVERE]		at java.base/java.util.Scanner.throwFor(Scanner.java:937)
[154]	[2020-01-20 10:44:24.985]	[testing.tests.G_MuchExtendedScanTest]	[SEVERE]		at java.base/java.util.Scanner.next(Scanner.java:1478)
[154]	[2020-01-20 10:44:24.985]	[testing.tests.G_MuchExtendedScanTest]	[SEVERE]		at edu.udo.cs.rvs.ssdp.User.run(User.java:35)
[154]	[2020-01-20 10:44:24.985]	[testing.tests.G_MuchExtendedScanTest]	[SEVERE]		at java.base/java.lang.Thread.run(Thread.java:834)
[155]	[2020-01-20 10:44:24.986]	[testing.tests.G_MuchExtendedScanTest]	[WARNING]	A list should be checked if it is not empty, before accessing its contents!
[[[[[END OF LOGGING:7a21c940-2bdc-4302-9538-a795d91822fd]]]]]
[[[[[END OF TEST:7a21c940-2bdc-4302-9538-a795d91822fd]]]]]

################################################################
Error Stream:
[java, -cp, /home/homafe00/tests/bin:/home/homafe00/tests/lsf-BRUVS-19_2-Abgabe der Programmieraufgabe-512853/Marcel Bienia_425286_assignsubmission_file_/Vorgabe/Vorgabe/src, overrides.TestingProtocol, testx, 6, /home/homafe00/tests/lsf-BRUVS-19_2-Abgabe der Programmieraufgabe-512853/Marcel Bienia_425286_assignsubmission_file_]

################################################################
################################################################
[[[[[START OF TESTPROTOCOL]]]]]
Test: 7
Test-Label: Simple Notify Test
UUID: 3602583d-f3f6-4692-8c4e-2c32ba759335
Return: 1000000
Abort: false
Review: false
Exception: null
[[[[[START OF LOGGING!]]]]]
[SeqNum]	[Timestamp]	[Logger]	[LogLevel]	Message
[0]	[2020-01-20 10:44:25.324]	[testing.TestManager]	[ALL]	Starting test: Simple Notify Test
[1]	[2020-01-20 10:44:25.331]	[testing.tests.H_SimpleNotifyTest]	[INFO]	Starting Submission
[2]	[2020-01-20 10:44:25.366]	[DatagramSocket[71d04172][new]]	[FINE]	Creating
[3]	[2020-01-20 10:44:25.366]	[DatagramSocket[71d04172][new]]	[INFO]	Rename to: DatagramSocket[71d04172][unbound]
[4]	[2020-01-20 10:44:25.367]	[DatagramSocket[71d04172][unbound]]	[FINE]	Created
[5]	[2020-01-20 10:44:25.370]	[DatagramSocket[71d04172][unbound]]	[FINE]	Set option 4: true
[6]	[2020-01-20 10:44:25.371]	[DatagramSocket[71d04172][unbound]]	[FINE]	Binding to 0.0.0.0/0.0.0.0, Port 1900
[7]	[2020-01-20 10:44:25.371]	[DatagramSocket[71d04172][unbound]]	[INFO]	Rename to: DatagramSocket[71d04172][0.0.0.0:1900]
[8]	[2020-01-20 10:44:25.375]	[DatagramSocket[71d04172][0.0.0.0:1900]]	[FINE]	Bound.
[9]	[2020-01-20 10:44:25.376]	[DatagramSocket[71d04172][0.0.0.0:1900]]	[INFO]	Joining group 239.255.255.250
[10]	[2020-01-20 10:44:25.381]	[DatagramSocket[71d04172][0.0.0.0:1900]]	[FINER]	peekData entered
[11]	[2020-01-20 10:44:25.452]	[testing.tests.H_SimpleNotifyTest]	[FINE]	Waiting for up to 10 seconds for ready state
[12]	[2020-01-20 10:44:25.454]	[testing.tests.H_SimpleNotifyTest]	[INFO]	Done waiting
[13]	[2020-01-20 10:44:25.455]	[testing.tests.H_SimpleNotifyTest]	[INFO]	Sending: 
[13]	[2020-01-20 10:44:25.455]	[testing.tests.H_SimpleNotifyTest]	[INFO]	 >> NOTIFY * HTTP/1.1\r\n
[13]	[2020-01-20 10:44:25.455]	[testing.tests.H_SimpleNotifyTest]	[INFO]	 >> HOST: 239.255.255.250:1900\r\n
[13]	[2020-01-20 10:44:25.455]	[testing.tests.H_SimpleNotifyTest]	[INFO]	 >> LOCATION: http://dns.name/path/file.xml\r\n
[13]	[2020-01-20 10:44:25.455]	[testing.tests.H_SimpleNotifyTest]	[INFO]	 >> SERVER: Apaginx\r\n
[13]	[2020-01-20 10:44:25.455]	[testing.tests.H_SimpleNotifyTest]	[INFO]	 >> NT: ge:a1337GWGenerator\r\n
[13]	[2020-01-20 10:44:25.455]	[testing.tests.H_SimpleNotifyTest]	[INFO]	 >> USN: uuid:73e80021-7d52-41fc-b48a-8b726f93cfe4\r\n
[13]	[2020-01-20 10:44:25.455]	[testing.tests.H_SimpleNotifyTest]	[INFO]	 >> NTS: ssdp:alive\r\n
[13]	[2020-01-20 10:44:25.455]	[testing.tests.H_SimpleNotifyTest]	[INFO]	 >> \r\n
[14]	[2020-01-20 10:44:25.456]	[testing.tests.H_SimpleNotifyTest]	[INFO]	Waiting for Packet to be received
[15]	[2020-01-20 10:44:25.456]	[DatagramSocket[71d04172][0.0.0.0:1900]]	[FINER]	receive entered
[16]	[2020-01-20 10:44:25.462]	[testing.tests.H_SimpleNotifyTest]	[INFO]	Waiting another second
[17]	[2020-01-20 10:44:25.468]	[DatagramSocket[71d04172][0.0.0.0:1900]]	[FINER]	peekData entered
[18]	[2020-01-20 10:44:26.463]	[System.out]	[ALL]	Sending list
[20]	[2020-01-20 10:44:26.715]	[testing.tests.H_SimpleNotifyTest]	[INFO]	Sending "list"
[21]	[2020-01-20 10:44:26.965]	[testing.tests.H_SimpleNotifyTest]	[INFO]	Sending "list"
[22]	[2020-01-20 10:44:27.215]	[testing.tests.H_SimpleNotifyTest]	[INFO]	Sending "lisT"
[24]	[2020-01-20 10:44:27.415]	[testing.tests.H_SimpleNotifyTest]	[POINTS]	Awarding all points: Format is ok and device is listed
[23]	[2020-01-20 10:44:27.414]	[System.out]	[ALL]	73e80021-7d52-41fc-b48a-8b726f93cfe4   -   ge:a1337GWGenerator
[26]	[2020-01-20 10:44:27.466]	[testing.tests.H_SimpleNotifyTest]	[INFO]	Waiting for list output.
[27]	[2020-01-20 10:44:27.466]	[testing.tests.H_SimpleNotifyTest]	[INFO]	Waiting 10 seconds for successful Device listing.
[28]	[2020-01-20 10:44:27.467]	[testing.tests.H_SimpleNotifyTest]	[INFO]	Done Waiting
[29]	[2020-01-20 10:44:27.468]	[testing.TestManager]	[ALL]	Finished test with 1000000
[30]	[2020-01-20 10:44:27.468]	[testing.tests.H_SimpleNotifyTest]	[SEVERE]	Caught an uncaught Exception (might be cause of previous)
[30]	[2020-01-20 10:44:27.468]	[testing.tests.H_SimpleNotifyTest]	[SEVERE]	java.util.NoSuchElementException
[30]	[2020-01-20 10:44:27.468]	[testing.tests.H_SimpleNotifyTest]	[SEVERE]		at java.base/java.util.Scanner.throwFor(Scanner.java:937)
[30]	[2020-01-20 10:44:27.468]	[testing.tests.H_SimpleNotifyTest]	[SEVERE]		at java.base/java.util.Scanner.next(Scanner.java:1478)
[30]	[2020-01-20 10:44:27.468]	[testing.tests.H_SimpleNotifyTest]	[SEVERE]		at edu.udo.cs.rvs.ssdp.User.run(User.java:35)
[30]	[2020-01-20 10:44:27.468]	[testing.tests.H_SimpleNotifyTest]	[SEVERE]		at java.base/java.lang.Thread.run(Thread.java:834)
[31]	[2020-01-20 10:44:27.469]	[testing.tests.H_SimpleNotifyTest]	[WARNING]	A list should be checked if it is not empty, before accessing its contents!
[[[[[END OF LOGGING:3602583d-f3f6-4692-8c4e-2c32ba759335]]]]]
[[[[[END OF TEST:3602583d-f3f6-4692-8c4e-2c32ba759335]]]]]

################################################################
Error Stream:
[java, -cp, /home/homafe00/tests/bin:/home/homafe00/tests/lsf-BRUVS-19_2-Abgabe der Programmieraufgabe-512853/Marcel Bienia_425286_assignsubmission_file_/Vorgabe/Vorgabe/src, overrides.TestingProtocol, testx, 7, /home/homafe00/tests/lsf-BRUVS-19_2-Abgabe der Programmieraufgabe-512853/Marcel Bienia_425286_assignsubmission_file_]

################################################################
################################################################
[[[[[START OF TESTPROTOCOL]]]]]
Test: 8
Test-Label: Many Notifies Test
UUID: aabbb014-386a-42e4-9a41-7b2b06bb5c9e
Return: 1000000
Abort: false
Review: false
Exception: null
[[[[[START OF LOGGING!]]]]]
[SeqNum]	[Timestamp]	[Logger]	[LogLevel]	Message
[0]	[2020-01-20 10:44:27.870]	[testing.TestManager]	[ALL]	Starting test: Many Notifies Test
[1]	[2020-01-20 10:44:27.882]	[testing.tests.I_ManyNotifyTest]	[INFO]	Starting Submission
[2]	[2020-01-20 10:44:27.925]	[DatagramSocket[57913058][new]]	[FINE]	Creating
[3]	[2020-01-20 10:44:27.925]	[DatagramSocket[57913058][new]]	[INFO]	Rename to: DatagramSocket[57913058][unbound]
[4]	[2020-01-20 10:44:27.926]	[DatagramSocket[57913058][unbound]]	[FINE]	Created
[5]	[2020-01-20 10:44:27.929]	[DatagramSocket[57913058][unbound]]	[FINE]	Set option 4: true
[6]	[2020-01-20 10:44:27.930]	[DatagramSocket[57913058][unbound]]	[FINE]	Binding to 0.0.0.0/0.0.0.0, Port 1900
[7]	[2020-01-20 10:44:27.930]	[DatagramSocket[57913058][unbound]]	[INFO]	Rename to: DatagramSocket[57913058][0.0.0.0:1900]
[8]	[2020-01-20 10:44:27.935]	[DatagramSocket[57913058][0.0.0.0:1900]]	[FINE]	Bound.
[9]	[2020-01-20 10:44:27.936]	[DatagramSocket[57913058][0.0.0.0:1900]]	[INFO]	Joining group 239.255.255.250
[10]	[2020-01-20 10:44:27.940]	[DatagramSocket[57913058][0.0.0.0:1900]]	[FINER]	peekData entered
[11]	[2020-01-20 10:44:28.008]	[testing.tests.I_ManyNotifyTest]	[FINE]	Waiting for up to 10 seconds for ready state
[12]	[2020-01-20 10:44:28.010]	[testing.tests.I_ManyNotifyTest]	[INFO]	Done waiting
[13]	[2020-01-20 10:44:28.012]	[testing.tests.I_ManyNotifyTest]	[INFO]	Sending: 
[13]	[2020-01-20 10:44:28.012]	[testing.tests.I_ManyNotifyTest]	[INFO]	 >> NOTIFY * HTTP/1.1\r\n
[13]	[2020-01-20 10:44:28.012]	[testing.tests.I_ManyNotifyTest]	[INFO]	 >> HOST: 239.255.255.250:1900\r\n
[13]	[2020-01-20 10:44:28.012]	[testing.tests.I_ManyNotifyTest]	[INFO]	 >> NTS: ssdp:alive\r\n
[13]	[2020-01-20 10:44:28.012]	[testing.tests.I_ManyNotifyTest]	[INFO]	 >> SERVER: Apaginx\r\n
[13]	[2020-01-20 10:44:28.012]	[testing.tests.I_ManyNotifyTest]	[INFO]	 >> NT: usn:malware\r\n
[13]	[2020-01-20 10:44:28.012]	[testing.tests.I_ManyNotifyTest]	[INFO]	 >> USN: uuid:818732f0-2800-4de5-8382-0a9be2d2d883\r\n
[13]	[2020-01-20 10:44:28.012]	[testing.tests.I_ManyNotifyTest]	[INFO]	 >> LOCATION: http://dns.name/path/file.xml\r\n
[13]	[2020-01-20 10:44:28.012]	[testing.tests.I_ManyNotifyTest]	[INFO]	 >> \r\n
[14]	[2020-01-20 10:44:28.013]	[testing.tests.I_ManyNotifyTest]	[INFO]	Sending: 
[14]	[2020-01-20 10:44:28.013]	[testing.tests.I_ManyNotifyTest]	[INFO]	 >> NOTIFY * HTTP/1.1\r\n
[14]	[2020-01-20 10:44:28.013]	[testing.tests.I_ManyNotifyTest]	[INFO]	 >> HOST: 239.255.255.250:1900\r\n
[14]	[2020-01-20 10:44:28.013]	[testing.tests.I_ManyNotifyTest]	[INFO]	 >> USN: uuid:818732f0-2800-4de5-8382-0a9be2d2d883\r\n
[14]	[2020-01-20 10:44:28.013]	[testing.tests.I_ManyNotifyTest]	[INFO]	 >> SERVER: Apaginx\r\n
[14]	[2020-01-20 10:44:28.013]	[testing.tests.I_ManyNotifyTest]	[INFO]	 >> LOCATION: http://dns.name/path/file.xml\r\n
[14]	[2020-01-20 10:44:28.013]	[testing.tests.I_ManyNotifyTest]	[INFO]	 >> NTS: ssdp:alive\r\n
[14]	[2020-01-20 10:44:28.013]	[testing.tests.I_ManyNotifyTest]	[INFO]	 >> NT: ge:wanpppconnection\r\n
[14]	[2020-01-20 10:44:28.013]	[testing.tests.I_ManyNotifyTest]	[INFO]	 >> \r\n
[15]	[2020-01-20 10:44:28.014]	[DatagramSocket[57913058][0.0.0.0:1900]]	[FINER]	receive entered
[16]	[2020-01-20 10:44:28.014]	[testing.tests.I_ManyNotifyTest]	[INFO]	Sending: 
[16]	[2020-01-20 10:44:28.014]	[testing.tests.I_ManyNotifyTest]	[INFO]	 >> NOTIFY * HTTP/1.1\r\n
[16]	[2020-01-20 10:44:28.014]	[testing.tests.I_ManyNotifyTest]	[INFO]	 >> HOST: 239.255.255.250:1900\r\n
[16]	[2020-01-20 10:44:28.014]	[testing.tests.I_ManyNotifyTest]	[INFO]	 >> SERVER: Apaginx\r\n
[16]	[2020-01-20 10:44:28.014]	[testing.tests.I_ManyNotifyTest]	[INFO]	 >> NT: ge:freakinfridge\r\n
[16]	[2020-01-20 10:44:28.014]	[testing.tests.I_ManyNotifyTest]	[INFO]	 >> USN: uuid:9be3bfd9-5f6a-4d48-b4a9-dcb444513a2a\r\n
[16]	[2020-01-20 10:44:28.014]	[testing.tests.I_ManyNotifyTest]	[INFO]	 >> LOCATION: http://dns.name/path/file.xml\r\n
[16]	[2020-01-20 10:44:28.014]	[testing.tests.I_ManyNotifyTest]	[INFO]	 >> NTS: ssdp:alive\r\n
[16]	[2020-01-20 10:44:28.014]	[testing.tests.I_ManyNotifyTest]	[INFO]	 >> \r\n
[17]	[2020-01-20 10:44:28.014]	[testing.tests.I_ManyNotifyTest]	[INFO]	Sending: 
[17]	[2020-01-20 10:44:28.014]	[testing.tests.I_ManyNotifyTest]	[INFO]	 >> NOTIFY * HTTP/1.1\r\n
[17]	[2020-01-20 10:44:28.014]	[testing.tests.I_ManyNotifyTest]	[INFO]	 >> HOST: 239.255.255.250:1900\r\n
[17]	[2020-01-20 10:44:28.014]	[testing.tests.I_ManyNotifyTest]	[INFO]	 >> NT: thingy:endangeredmuffin\r\n
[17]	[2020-01-20 10:44:28.014]	[testing.tests.I_ManyNotifyTest]	[INFO]	 >> USN: uuid:9be3bfd9-5f6a-4d48-b4a9-dcb444513a2a\r\n
[17]	[2020-01-20 10:44:28.014]	[testing.tests.I_ManyNotifyTest]	[INFO]	 >> SERVER: Apaginx\r\n
[17]	[2020-01-20 10:44:28.014]	[testing.tests.I_ManyNotifyTest]	[INFO]	 >> NTS: ssdp:alive\r\n
[17]	[2020-01-20 10:44:28.014]	[testing.tests.I_ManyNotifyTest]	[INFO]	 >> LOCATION: http://dns.name/path/file.xml\r\n
[17]	[2020-01-20 10:44:28.014]	[testing.tests.I_ManyNotifyTest]	[INFO]	 >> \r\n
[18]	[2020-01-20 10:44:28.014]	[testing.tests.I_ManyNotifyTest]	[INFO]	Sending: 
[18]	[2020-01-20 10:44:28.014]	[testing.tests.I_ManyNotifyTest]	[INFO]	 >> NOTIFY * HTTP/1.1\r\n
[18]	[2020-01-20 10:44:28.014]	[testing.tests.I_ManyNotifyTest]	[INFO]	 >> HOST: 239.255.255.250:1900\r\n
[18]	[2020-01-20 10:44:28.014]	[testing.tests.I_ManyNotifyTest]	[INFO]	 >> LOCATION: http://dns.name/path/file.xml\r\n
[18]	[2020-01-20 10:44:28.014]	[testing.tests.I_ManyNotifyTest]	[INFO]	 >> NT: test:freakinfridge\r\n
[18]	[2020-01-20 10:44:28.014]	[testing.tests.I_ManyNotifyTest]	[INFO]	 >> SERVER: Apaginx\r\n
[18]	[2020-01-20 10:44:28.014]	[testing.tests.I_ManyNotifyTest]	[INFO]	 >> NTS: ssdp:alive\r\n
[18]	[2020-01-20 10:44:28.014]	[testing.tests.I_ManyNotifyTest]	[INFO]	 >> USN: uuid:b033f101-efd6-4486-857a-eb4c1a762b19\r\n
[18]	[2020-01-20 10:44:28.014]	[testing.tests.I_ManyNotifyTest]	[INFO]	 >> \r\n
[19]	[2020-01-20 10:44:28.016]	[testing.tests.I_ManyNotifyTest]	[INFO]	Sending: 
[19]	[2020-01-20 10:44:28.016]	[testing.tests.I_ManyNotifyTest]	[INFO]	 >> NOTIFY * HTTP/1.1\r\n
[19]	[2020-01-20 10:44:28.016]	[testing.tests.I_ManyNotifyTest]	[INFO]	 >> HOST: 239.255.255.250:1900\r\n
[19]	[2020-01-20 10:44:28.016]	[testing.tests.I_ManyNotifyTest]	[INFO]	 >> USN: uuid:9a99d421-097e-48ff-abf6-1c77bd095598\r\n
[19]	[2020-01-20 10:44:28.016]	[testing.tests.I_ManyNotifyTest]	[INFO]	 >> LOCATION: http://dns.name/path/file.xml\r\n
[19]	[2020-01-20 10:44:28.016]	[testing.tests.I_ManyNotifyTest]	[INFO]	 >> NTS: ssdp:alive\r\n
[19]	[2020-01-20 10:44:28.016]	[testing.tests.I_ManyNotifyTest]	[INFO]	 >> SERVER: Apaginx\r\n
[19]	[2020-01-20 10:44:28.016]	[testing.tests.I_ManyNotifyTest]	[INFO]	 >> NT: thingy:internetconnection\r\n
[19]	[2020-01-20 10:44:28.016]	[testing.tests.I_ManyNotifyTest]	[INFO]	 >> \r\n
[20]	[2020-01-20 10:44:28.016]	[testing.tests.I_ManyNotifyTest]	[INFO]	Sending: 
[20]	[2020-01-20 10:44:28.016]	[testing.tests.I_ManyNotifyTest]	[INFO]	 >> NOTIFY * HTTP/1.1\r\n
[20]	[2020-01-20 10:44:28.016]	[testing.tests.I_ManyNotifyTest]	[INFO]	 >> HOST: 239.255.255.250:1900\r\n
[20]	[2020-01-20 10:44:28.016]	[testing.tests.I_ManyNotifyTest]	[INFO]	 >> NT: test:trudy\r\n
[20]	[2020-01-20 10:44:28.016]	[testing.tests.I_ManyNotifyTest]	[INFO]	 >> SERVER: Apaginx\r\n
[20]	[2020-01-20 10:44:28.016]	[testing.tests.I_ManyNotifyTest]	[INFO]	 >> NTS: ssdp:alive\r\n
[20]	[2020-01-20 10:44:28.016]	[testing.tests.I_ManyNotifyTest]	[INFO]	 >> USN: uuid:3cc7cb61-fe7b-4f0f-a4c3-0a9d479f97fe\r\n
[20]	[2020-01-20 10:44:28.016]	[testing.tests.I_ManyNotifyTest]	[INFO]	 >> LOCATION: http://dns.name/path/file.xml\r\n
[20]	[2020-01-20 10:44:28.016]	[testing.tests.I_ManyNotifyTest]	[INFO]	 >> \r\n
[21]	[2020-01-20 10:44:28.016]	[testing.tests.I_ManyNotifyTest]	[INFO]	Sending: 
[21]	[2020-01-20 10:44:28.016]	[testing.tests.I_ManyNotifyTest]	[INFO]	 >> NOTIFY * HTTP/1.1\r\n
[21]	[2020-01-20 10:44:28.016]	[testing.tests.I_ManyNotifyTest]	[INFO]	 >> HOST: 239.255.255.250:1900\r\n
[21]	[2020-01-20 10:44:28.016]	[testing.tests.I_ManyNotifyTest]	[INFO]	 >> NT: virtual:wanpppconnection\r\n
[21]	[2020-01-20 10:44:28.016]	[testing.tests.I_ManyNotifyTest]	[INFO]	 >> SERVER: Apaginx\r\n
[21]	[2020-01-20 10:44:28.016]	[testing.tests.I_ManyNotifyTest]	[INFO]	 >> NTS: ssdp:alive\r\n
[21]	[2020-01-20 10:44:28.016]	[testing.tests.I_ManyNotifyTest]	[INFO]	 >> USN: uuid:3cc7cb61-fe7b-4f0f-a4c3-0a9d479f97fe\r\n
[21]	[2020-01-20 10:44:28.016]	[testing.tests.I_ManyNotifyTest]	[INFO]	 >> LOCATION: http://dns.name/path/file.xml\r\n
[21]	[2020-01-20 10:44:28.016]	[testing.tests.I_ManyNotifyTest]	[INFO]	 >> \r\n
[22]	[2020-01-20 10:44:28.016]	[testing.tests.I_ManyNotifyTest]	[INFO]	Sending: 
[22]	[2020-01-20 10:44:28.016]	[testing.tests.I_ManyNotifyTest]	[INFO]	 >> NOTIFY * HTTP/1.1\r\n
[22]	[2020-01-20 10:44:28.016]	[testing.tests.I_ManyNotifyTest]	[INFO]	 >> HOST: 239.255.255.250:1900\r\n
[22]	[2020-01-20 10:44:28.016]	[testing.tests.I_ManyNotifyTest]	[INFO]	 >> LOCATION: http://dns.name/path/file.xml\r\n
[22]	[2020-01-20 10:44:28.016]	[testing.tests.I_ManyNotifyTest]	[INFO]	 >> SERVER: Apaginx\r\n
[22]	[2020-01-20 10:44:28.016]	[testing.tests.I_ManyNotifyTest]	[INFO]	 >> USN: uuid:970d60d2-6e22-43cf-ad04-c55c8b52fc91\r\n
[22]	[2020-01-20 10:44:28.016]	[testing.tests.I_ManyNotifyTest]	[INFO]	 >> NTS: ssdp:alive\r\n
[22]	[2020-01-20 10:44:28.016]	[testing.tests.I_ManyNotifyTest]	[INFO]	 >> NT: test:bob\r\n
[22]	[2020-01-20 10:44:28.016]	[testing.tests.I_ManyNotifyTest]	[INFO]	 >> \r\n
[23]	[2020-01-20 10:44:28.017]	[testing.tests.I_ManyNotifyTest]	[INFO]	Sending: 
[23]	[2020-01-20 10:44:28.017]	[testing.tests.I_ManyNotifyTest]	[INFO]	 >> NOTIFY * HTTP/1.1\r\n
[23]	[2020-01-20 10:44:28.017]	[testing.tests.I_ManyNotifyTest]	[INFO]	 >> HOST: 239.255.255.250:1900\r\n
[23]	[2020-01-20 10:44:28.017]	[testing.tests.I_ManyNotifyTest]	[INFO]	 >> NTS: ssdp:alive\r\n
[23]	[2020-01-20 10:44:28.017]	[testing.tests.I_ManyNotifyTest]	[INFO]	 >> USN: uuid:a0004fc1-16da-47be-aced-38e005f93bf6\r\n
[23]	[2020-01-20 10:44:28.017]	[testing.tests.I_ManyNotifyTest]	[INFO]	 >> NT: test:testingtool\r\n
[23]	[2020-01-20 10:44:28.017]	[testing.tests.I_ManyNotifyTest]	[INFO]	 >> SERVER: Apaginx\r\n
[23]	[2020-01-20 10:44:28.017]	[testing.tests.I_ManyNotifyTest]	[INFO]	 >> LOCATION: http://dns.name/path/file.xml\r\n
[23]	[2020-01-20 10:44:28.017]	[testing.tests.I_ManyNotifyTest]	[INFO]	 >> \r\n
[24]	[2020-01-20 10:44:28.017]	[testing.tests.I_ManyNotifyTest]	[INFO]	Sending: 
[24]	[2020-01-20 10:44:28.017]	[testing.tests.I_ManyNotifyTest]	[INFO]	 >> NOTIFY * HTTP/1.1\r\n
[24]	[2020-01-20 10:44:28.017]	[testing.tests.I_ManyNotifyTest]	[INFO]	 >> HOST: 239.255.255.250:1900\r\n
[24]	[2020-01-20 10:44:28.017]	[testing.tests.I_ManyNotifyTest]	[INFO]	 >> NTS: ssdp:alive\r\n
[24]	[2020-01-20 10:44:28.017]	[testing.tests.I_ManyNotifyTest]	[INFO]	 >> NT: ge:thundergenerator\r\n
[24]	[2020-01-20 10:44:28.017]	[testing.tests.I_ManyNotifyTest]	[INFO]	 >> USN: uuid:a0004fc1-16da-47be-aced-38e005f93bf6\r\n
[24]	[2020-01-20 10:44:28.017]	[testing.tests.I_ManyNotifyTest]	[INFO]	 >> SERVER: Apaginx\r\n
[24]	[2020-01-20 10:44:28.017]	[testing.tests.I_ManyNotifyTest]	[INFO]	 >> LOCATION: http://dns.name/path/file.xml\r\n
[24]	[2020-01-20 10:44:28.017]	[testing.tests.I_ManyNotifyTest]	[INFO]	 >> \r\n
[25]	[2020-01-20 10:44:28.017]	[testing.tests.I_ManyNotifyTest]	[INFO]	Sending: 
[25]	[2020-01-20 10:44:28.017]	[testing.tests.I_ManyNotifyTest]	[INFO]	 >> NOTIFY * HTTP/1.1\r\n
[25]	[2020-01-20 10:44:28.017]	[testing.tests.I_ManyNotifyTest]	[INFO]	 >> HOST: 239.255.255.250:1900\r\n
[25]	[2020-01-20 10:44:28.017]	[testing.tests.I_ManyNotifyTest]	[INFO]	 >> USN: uuid:61767472-4235-41ab-9f68-a9b87d654fd9\r\n
[25]	[2020-01-20 10:44:28.017]	[testing.tests.I_ManyNotifyTest]	[INFO]	 >> LOCATION: http://dns.name/path/file.xml\r\n
[25]	[2020-01-20 10:44:28.017]	[testing.tests.I_ManyNotifyTest]	[INFO]	 >> NTS: ssdp:alive\r\n
[25]	[2020-01-20 10:44:28.017]	[testing.tests.I_ManyNotifyTest]	[INFO]	 >> SERVER: Apaginx\r\n
[25]	[2020-01-20 10:44:28.017]	[testing.tests.I_ManyNotifyTest]	[INFO]	 >> NT: usn:escalatorcontrol\r\n
[25]	[2020-01-20 10:44:28.017]	[testing.tests.I_ManyNotifyTest]	[INFO]	 >> \r\n
[26]	[2020-01-20 10:44:28.017]	[testing.tests.I_ManyNotifyTest]	[INFO]	Sending: 
[26]	[2020-01-20 10:44:28.017]	[testing.tests.I_ManyNotifyTest]	[INFO]	 >> NOTIFY * HTTP/1.1\r\n
[26]	[2020-01-20 10:44:28.017]	[testing.tests.I_ManyNotifyTest]	[INFO]	 >> HOST: 239.255.255.250:1900\r\n
[26]	[2020-01-20 10:44:28.017]	[testing.tests.I_ManyNotifyTest]	[INFO]	 >> USN: uuid:d1da3148-ece3-49cc-84bc-d9045f75ea62\r\n
[26]	[2020-01-20 10:44:28.017]	[testing.tests.I_ManyNotifyTest]	[INFO]	 >> NT: test:virus\r\n
[26]	[2020-01-20 10:44:28.017]	[testing.tests.I_ManyNotifyTest]	[INFO]	 >> SERVER: Apaginx\r\n
[26]	[2020-01-20 10:44:28.017]	[testing.tests.I_ManyNotifyTest]	[INFO]	 >> NTS: ssdp:alive\r\n
[26]	[2020-01-20 10:44:28.017]	[testing.tests.I_ManyNotifyTest]	[INFO]	 >> LOCATION: http://dns.name/path/file.xml\r\n
[26]	[2020-01-20 10:44:28.017]	[testing.tests.I_ManyNotifyTest]	[INFO]	 >> \r\n
[27]	[2020-01-20 10:44:28.020]	[testing.tests.I_ManyNotifyTest]	[INFO]	Sending: 
[27]	[2020-01-20 10:44:28.020]	[testing.tests.I_ManyNotifyTest]	[INFO]	 >> NOTIFY * HTTP/1.1\r\n
[27]	[2020-01-20 10:44:28.020]	[testing.tests.I_ManyNotifyTest]	[INFO]	 >> HOST: 239.255.255.250:1900\r\n
[27]	[2020-01-20 10:44:28.020]	[testing.tests.I_ManyNotifyTest]	[INFO]	 >> USN: uuid:d998d1eb-d332-4f9c-9f8c-1e36d514184b\r\n
[27]	[2020-01-20 10:44:28.020]	[testing.tests.I_ManyNotifyTest]	[INFO]	 >> LOCATION: http://dns.name/path/file.xml\r\n
[27]	[2020-01-20 10:44:28.020]	[testing.tests.I_ManyNotifyTest]	[INFO]	 >> NTS: ssdp:alive\r\n
[27]	[2020-01-20 10:44:28.020]	[testing.tests.I_ManyNotifyTest]	[INFO]	 >> NT: upnp:mitmattacker\r\n
[27]	[2020-01-20 10:44:28.020]	[testing.tests.I_ManyNotifyTest]	[INFO]	 >> SERVER: Apaginx\r\n
[27]	[2020-01-20 10:44:28.020]	[testing.tests.I_ManyNotifyTest]	[INFO]	 >> \r\n
[28]	[2020-01-20 10:44:28.021]	[testing.tests.I_ManyNotifyTest]	[INFO]	Sending: 
[28]	[2020-01-20 10:44:28.021]	[testing.tests.I_ManyNotifyTest]	[INFO]	 >> NOTIFY * HTTP/1.1\r\n
[28]	[2020-01-20 10:44:28.021]	[testing.tests.I_ManyNotifyTest]	[INFO]	 >> HOST: 239.255.255.250:1900\r\n
[28]	[2020-01-20 10:44:28.021]	[testing.tests.I_ManyNotifyTest]	[INFO]	 >> LOCATION: http://dns.name/path/file.xml\r\n
[28]	[2020-01-20 10:44:28.021]	[testing.tests.I_ManyNotifyTest]	[INFO]	 >> SERVER: Apaginx\r\n
[28]	[2020-01-20 10:44:28.021]	[testing.tests.I_ManyNotifyTest]	[INFO]	 >> USN: uuid:d998d1eb-d332-4f9c-9f8c-1e36d514184b\r\n
[28]	[2020-01-20 10:44:28.021]	[testing.tests.I_ManyNotifyTest]	[INFO]	 >> NTS: ssdp:alive\r\n
[28]	[2020-01-20 10:44:28.021]	[testing.tests.I_ManyNotifyTest]	[INFO]	 >> NT: virtual:cryptolocker\r\n
[28]	[2020-01-20 10:44:28.021]	[testing.tests.I_ManyNotifyTest]	[INFO]	 >> \r\n
[29]	[2020-01-20 10:44:28.021]	[testing.tests.I_ManyNotifyTest]	[INFO]	Waiting up to 10 seconds for Packets to be received
[30]	[2020-01-20 10:44:28.028]	[DatagramSocket[57913058][0.0.0.0:1900]]	[FINER]	peekData entered
[31]	[2020-01-20 10:44:28.028]	[DatagramSocket[57913058][0.0.0.0:1900]]	[FINER]	receive entered
[32]	[2020-01-20 10:44:28.039]	[DatagramSocket[57913058][0.0.0.0:1900]]	[FINER]	peekData entered
[33]	[2020-01-20 10:44:28.039]	[DatagramSocket[57913058][0.0.0.0:1900]]	[FINER]	receive entered
[34]	[2020-01-20 10:44:28.049]	[DatagramSocket[57913058][0.0.0.0:1900]]	[FINER]	peekData entered
[35]	[2020-01-20 10:44:28.050]	[DatagramSocket[57913058][0.0.0.0:1900]]	[FINER]	receive entered
[36]	[2020-01-20 10:44:28.060]	[DatagramSocket[57913058][0.0.0.0:1900]]	[FINER]	peekData entered
[37]	[2020-01-20 10:44:28.060]	[DatagramSocket[57913058][0.0.0.0:1900]]	[FINER]	receive entered
[38]	[2020-01-20 10:44:28.070]	[DatagramSocket[57913058][0.0.0.0:1900]]	[FINER]	peekData entered
[39]	[2020-01-20 10:44:28.071]	[DatagramSocket[57913058][0.0.0.0:1900]]	[FINER]	receive entered
[40]	[2020-01-20 10:44:28.081]	[DatagramSocket[57913058][0.0.0.0:1900]]	[FINER]	peekData entered
[41]	[2020-01-20 10:44:28.082]	[DatagramSocket[57913058][0.0.0.0:1900]]	[FINER]	receive entered
[42]	[2020-01-20 10:44:28.092]	[DatagramSocket[57913058][0.0.0.0:1900]]	[FINER]	peekData entered
[43]	[2020-01-20 10:44:28.093]	[DatagramSocket[57913058][0.0.0.0:1900]]	[FINER]	receive entered
[44]	[2020-01-20 10:44:28.103]	[DatagramSocket[57913058][0.0.0.0:1900]]	[FINER]	peekData entered
[45]	[2020-01-20 10:44:28.104]	[DatagramSocket[57913058][0.0.0.0:1900]]	[FINER]	receive entered
[46]	[2020-01-20 10:44:28.114]	[DatagramSocket[57913058][0.0.0.0:1900]]	[FINER]	peekData entered
[47]	[2020-01-20 10:44:28.114]	[DatagramSocket[57913058][0.0.0.0:1900]]	[FINER]	receive entered
[48]	[2020-01-20 10:44:28.124]	[DatagramSocket[57913058][0.0.0.0:1900]]	[FINER]	peekData entered
[49]	[2020-01-20 10:44:28.125]	[DatagramSocket[57913058][0.0.0.0:1900]]	[FINER]	receive entered
[50]	[2020-01-20 10:44:28.135]	[DatagramSocket[57913058][0.0.0.0:1900]]	[FINER]	peekData entered
[51]	[2020-01-20 10:44:28.135]	[DatagramSocket[57913058][0.0.0.0:1900]]	[FINER]	receive entered
[52]	[2020-01-20 10:44:28.146]	[DatagramSocket[57913058][0.0.0.0:1900]]	[FINER]	peekData entered
[53]	[2020-01-20 10:44:28.146]	[DatagramSocket[57913058][0.0.0.0:1900]]	[FINER]	receive entered
[54]	[2020-01-20 10:44:28.156]	[DatagramSocket[57913058][0.0.0.0:1900]]	[FINER]	peekData entered
[55]	[2020-01-20 10:44:28.157]	[DatagramSocket[57913058][0.0.0.0:1900]]	[FINER]	receive entered
[56]	[2020-01-20 10:44:28.167]	[DatagramSocket[57913058][0.0.0.0:1900]]	[FINER]	peekData entered
[57]	[2020-01-20 10:44:28.167]	[DatagramSocket[57913058][0.0.0.0:1900]]	[FINER]	receive entered
[58]	[2020-01-20 10:44:28.177]	[DatagramSocket[57913058][0.0.0.0:1900]]	[FINER]	peekData entered
[59]	[2020-01-20 10:44:38.026]	[testing.tests.I_ManyNotifyTest]	[INFO]	Waiting another 5 seconds
[60]	[2020-01-20 10:44:43.027]	[System.out]	[ALL]	Sending list
[62]	[2020-01-20 10:44:43.279]	[testing.tests.I_ManyNotifyTest]	[INFO]	Sending "list"
[63]	[2020-01-20 10:44:43.529]	[testing.tests.I_ManyNotifyTest]	[INFO]	Sending "list"
[64]	[2020-01-20 10:44:43.780]	[testing.tests.I_ManyNotifyTest]	[INFO]	Sending "lisT"
[65]	[2020-01-20 10:44:43.974]	[System.out]	[ALL]	818732f0-2800-4de5-8382-0a9be2d2d883   -   usn:malware, ge:wanpppconnection, 
[67]	[2020-01-20 10:44:43.975]	[System.out]	[ALL]	9be3bfd9-5f6a-4d48-b4a9-dcb444513a2a   -   ge:freakinfridge, thingy:endangeredmuffin, 
[69]	[2020-01-20 10:44:43.991]	[System.out]	[ALL]	b033f101-efd6-4486-857a-eb4c1a762b19   -   test:freakinfridge
[71]	[2020-01-20 10:44:43.991]	[System.out]	[ALL]	9a99d421-097e-48ff-abf6-1c77bd095598   -   thingy:internetconnection
[73]	[2020-01-20 10:44:43.991]	[System.out]	[ALL]	3cc7cb61-fe7b-4f0f-a4c3-0a9d479f97fe   -   test:trudy, virtual:wanpppconnection, 
[75]	[2020-01-20 10:44:43.992]	[System.out]	[ALL]	970d60d2-6e22-43cf-ad04-c55c8b52fc91   -   test:bob
[77]	[2020-01-20 10:44:43.992]	[System.out]	[ALL]	a0004fc1-16da-47be-aced-38e005f93bf6   -   test:testingtool, ge:thundergenerator, 
[79]	[2020-01-20 10:44:43.992]	[System.out]	[ALL]	61767472-4235-41ab-9f68-a9b87d654fd9   -   usn:escalatorcontrol
[81]	[2020-01-20 10:44:43.993]	[System.out]	[ALL]	d1da3148-ece3-49cc-84bc-d9045f75ea62   -   test:virus
[83]	[2020-01-20 10:44:43.993]	[System.out]	[ALL]	d998d1eb-d332-4f9c-9f8c-1e36d514184b   -   upnp:mitmattacker, virtual:cryptolocker, 
[85]	[2020-01-20 10:44:44.030]	[testing.tests.I_ManyNotifyTest]	[INFO]	Waiting for list output.
[86]	[2020-01-20 10:44:44.030]	[testing.tests.I_ManyNotifyTest]	[INFO]	Waiting 30 seconds for silence of at least 2 seconds, minimal wait 10 seconds.
[87]	[2020-01-20 10:44:54.031]	[testing.tests.I_ManyNotifyTest]	[INFO]	Done Waiting
[88]	[2020-01-20 10:44:54.033]	[testing.tests.I_ManyNotifyTest]	[POINTS]	For each Device: ("displayed ServiceTypes" / "ServiceTypes of Device")*2.5% + "displayed uuid"*2.5% 
[89]	[2020-01-20 10:44:54.035]	[testing.tests.I_ManyNotifyTest]	[POINTS]	Result: 50.0
[90]	[2020-01-20 10:44:54.035]	[testing.tests.I_ManyNotifyTest]	[INFO]	Testing Bye Bye!
[91]	[2020-01-20 10:44:54.036]	[testing.tests.I_ManyNotifyTest]	[INFO]	Sending: 
[91]	[2020-01-20 10:44:54.036]	[testing.tests.I_ManyNotifyTest]	[INFO]	 >> NOTIFY * HTTP/1.1\r\n
[91]	[2020-01-20 10:44:54.036]	[testing.tests.I_ManyNotifyTest]	[INFO]	 >> HOST: 239.255.255.250:1900\r\n
[91]	[2020-01-20 10:44:54.036]	[testing.tests.I_ManyNotifyTest]	[INFO]	 >> NT: upnp:mitmattacker\r\n
[91]	[2020-01-20 10:44:54.036]	[testing.tests.I_ManyNotifyTest]	[INFO]	 >> SERVER: Apaginx\r\n
[91]	[2020-01-20 10:44:54.036]	[testing.tests.I_ManyNotifyTest]	[INFO]	 >> USN: uuid:d998d1eb-d332-4f9c-9f8c-1e36d514184b\r\n
[91]	[2020-01-20 10:44:54.036]	[testing.tests.I_ManyNotifyTest]	[INFO]	 >> LOCATION: http://dns.name/path/file.xml\r\n
[91]	[2020-01-20 10:44:54.036]	[testing.tests.I_ManyNotifyTest]	[INFO]	 >> NTS: ssdp:byebye\r\n
[91]	[2020-01-20 10:44:54.036]	[testing.tests.I_ManyNotifyTest]	[INFO]	 >> \r\n
[92]	[2020-01-20 10:44:54.037]	[testing.tests.I_ManyNotifyTest]	[INFO]	Sending: 
[92]	[2020-01-20 10:44:54.037]	[testing.tests.I_ManyNotifyTest]	[INFO]	 >> NOTIFY * HTTP/1.1\r\n
[92]	[2020-01-20 10:44:54.037]	[testing.tests.I_ManyNotifyTest]	[INFO]	 >> HOST: 239.255.255.250:1900\r\n
[92]	[2020-01-20 10:44:54.037]	[testing.tests.I_ManyNotifyTest]	[INFO]	 >> LOCATION: http://dns.name/path/file.xml\r\n
[92]	[2020-01-20 10:44:54.037]	[testing.tests.I_ManyNotifyTest]	[INFO]	 >> NT: upnp:mitmattacker\r\n
[92]	[2020-01-20 10:44:54.037]	[testing.tests.I_ManyNotifyTest]	[INFO]	 >> SERVER: Apaginx\r\n
[92]	[2020-01-20 10:44:54.037]	[testing.tests.I_ManyNotifyTest]	[INFO]	 >> NTS: ssdp:byebye\r\n
[92]	[2020-01-20 10:44:54.037]	[testing.tests.I_ManyNotifyTest]	[INFO]	 >> USN: uuid:d998d1eb-d332-4f9c-9f8c-1e36d514184b\r\n
[92]	[2020-01-20 10:44:54.037]	[testing.tests.I_ManyNotifyTest]	[INFO]	 >> \r\n
[93]	[2020-01-20 10:44:54.037]	[DatagramSocket[57913058][0.0.0.0:1900]]	[FINER]	receive entered
[94]	[2020-01-20 10:44:54.037]	[testing.tests.I_ManyNotifyTest]	[INFO]	Sending: 
[94]	[2020-01-20 10:44:54.037]	[testing.tests.I_ManyNotifyTest]	[INFO]	 >> NOTIFY * HTTP/1.1\r\n
[94]	[2020-01-20 10:44:54.037]	[testing.tests.I_ManyNotifyTest]	[INFO]	 >> HOST: 239.255.255.250:1900\r\n
[94]	[2020-01-20 10:44:54.037]	[testing.tests.I_ManyNotifyTest]	[INFO]	 >> NTS: ssdp:byebye\r\n
[94]	[2020-01-20 10:44:54.037]	[testing.tests.I_ManyNotifyTest]	[INFO]	 >> USN: uuid:b033f101-efd6-4486-857a-eb4c1a762b19\r\n
[94]	[2020-01-20 10:44:54.037]	[testing.tests.I_ManyNotifyTest]	[INFO]	 >> NT: test:freakinfridge\r\n
[94]	[2020-01-20 10:44:54.037]	[testing.tests.I_ManyNotifyTest]	[INFO]	 >> SERVER: Apaginx\r\n
[94]	[2020-01-20 10:44:54.037]	[testing.tests.I_ManyNotifyTest]	[INFO]	 >> LOCATION: http://dns.name/path/file.xml\r\n
[94]	[2020-01-20 10:44:54.037]	[testing.tests.I_ManyNotifyTest]	[INFO]	 >> \r\n
[95]	[2020-01-20 10:44:54.037]	[testing.tests.I_ManyNotifyTest]	[INFO]	Sending: 
[95]	[2020-01-20 10:44:54.037]	[testing.tests.I_ManyNotifyTest]	[INFO]	 >> NOTIFY * HTTP/1.1\r\n
[95]	[2020-01-20 10:44:54.037]	[testing.tests.I_ManyNotifyTest]	[INFO]	 >> HOST: 239.255.255.250:1900\r\n
[95]	[2020-01-20 10:44:54.037]	[testing.tests.I_ManyNotifyTest]	[INFO]	 >> LOCATION: http://dns.name/path/file.xml\r\n
[95]	[2020-01-20 10:44:54.037]	[testing.tests.I_ManyNotifyTest]	[INFO]	 >> NTS: ssdp:byebye\r\n
[95]	[2020-01-20 10:44:54.037]	[testing.tests.I_ManyNotifyTest]	[INFO]	 >> NT: usn:escalatorcontrol\r\n
[95]	[2020-01-20 10:44:54.037]	[testing.tests.I_ManyNotifyTest]	[INFO]	 >> SERVER: Apaginx\r\n
[95]	[2020-01-20 10:44:54.037]	[testing.tests.I_ManyNotifyTest]	[INFO]	 >> USN: uuid:61767472-4235-41ab-9f68-a9b87d654fd9\r\n
[95]	[2020-01-20 10:44:54.037]	[testing.tests.I_ManyNotifyTest]	[INFO]	 >> \r\n
[96]	[2020-01-20 10:44:54.037]	[testing.tests.I_ManyNotifyTest]	[INFO]	Sending: 
[96]	[2020-01-20 10:44:54.037]	[testing.tests.I_ManyNotifyTest]	[INFO]	 >> NOTIFY * HTTP/1.1\r\n
[96]	[2020-01-20 10:44:54.037]	[testing.tests.I_ManyNotifyTest]	[INFO]	 >> HOST: 239.255.255.250:1900\r\n
[96]	[2020-01-20 10:44:54.037]	[testing.tests.I_ManyNotifyTest]	[INFO]	 >> USN: uuid:d1da3148-ece3-49cc-84bc-d9045f75ea62\r\n
[96]	[2020-01-20 10:44:54.037]	[testing.tests.I_ManyNotifyTest]	[INFO]	 >> SERVER: Apaginx\r\n
[96]	[2020-01-20 10:44:54.037]	[testing.tests.I_ManyNotifyTest]	[INFO]	 >> NT: test:virus\r\n
[96]	[2020-01-20 10:44:54.037]	[testing.tests.I_ManyNotifyTest]	[INFO]	 >> NTS: ssdp:byebye\r\n
[96]	[2020-01-20 10:44:54.037]	[testing.tests.I_ManyNotifyTest]	[INFO]	 >> LOCATION: http://dns.name/path/file.xml\r\n
[96]	[2020-01-20 10:44:54.037]	[testing.tests.I_ManyNotifyTest]	[INFO]	 >> \r\n
[97]	[2020-01-20 10:44:54.038]	[testing.tests.I_ManyNotifyTest]	[INFO]	Sending: 
[97]	[2020-01-20 10:44:54.038]	[testing.tests.I_ManyNotifyTest]	[INFO]	 >> NOTIFY * HTTP/1.1\r\n
[97]	[2020-01-20 10:44:54.038]	[testing.tests.I_ManyNotifyTest]	[INFO]	 >> HOST: 239.255.255.250:1900\r\n
[97]	[2020-01-20 10:44:54.038]	[testing.tests.I_ManyNotifyTest]	[INFO]	 >> LOCATION: http://dns.name/path/file.xml\r\n
[97]	[2020-01-20 10:44:54.038]	[testing.tests.I_ManyNotifyTest]	[INFO]	 >> SERVER: Apaginx\r\n
[97]	[2020-01-20 10:44:54.038]	[testing.tests.I_ManyNotifyTest]	[INFO]	 >> USN: uuid:9a99d421-097e-48ff-abf6-1c77bd095598\r\n
[97]	[2020-01-20 10:44:54.038]	[testing.tests.I_ManyNotifyTest]	[INFO]	 >> NTS: ssdp:byebye\r\n
[97]	[2020-01-20 10:44:54.038]	[testing.tests.I_ManyNotifyTest]	[INFO]	 >> NT: thingy:internetconnection\r\n
[97]	[2020-01-20 10:44:54.038]	[testing.tests.I_ManyNotifyTest]	[INFO]	 >> \r\n
[98]	[2020-01-20 10:44:54.038]	[testing.tests.I_ManyNotifyTest]	[INFO]	Waiting up to 10 seconds for Packets to be received
[99]	[2020-01-20 10:44:54.047]	[DatagramSocket[57913058][0.0.0.0:1900]]	[FINER]	peekData entered
[100]	[2020-01-20 10:44:54.047]	[DatagramSocket[57913058][0.0.0.0:1900]]	[FINER]	receive entered
[101]	[2020-01-20 10:44:54.057]	[DatagramSocket[57913058][0.0.0.0:1900]]	[FINER]	peekData entered
[102]	[2020-01-20 10:44:54.058]	[DatagramSocket[57913058][0.0.0.0:1900]]	[FINER]	receive entered
[103]	[2020-01-20 10:44:54.068]	[DatagramSocket[57913058][0.0.0.0:1900]]	[FINER]	peekData entered
[104]	[2020-01-20 10:44:54.068]	[DatagramSocket[57913058][0.0.0.0:1900]]	[FINER]	receive entered
[105]	[2020-01-20 10:44:54.078]	[DatagramSocket[57913058][0.0.0.0:1900]]	[FINER]	peekData entered
[106]	[2020-01-20 10:44:54.078]	[DatagramSocket[57913058][0.0.0.0:1900]]	[FINER]	receive entered
[107]	[2020-01-20 10:44:54.089]	[DatagramSocket[57913058][0.0.0.0:1900]]	[FINER]	peekData entered
[108]	[2020-01-20 10:44:54.089]	[DatagramSocket[57913058][0.0.0.0:1900]]	[FINER]	receive entered
[109]	[2020-01-20 10:44:54.099]	[DatagramSocket[57913058][0.0.0.0:1900]]	[FINER]	peekData entered
[110]	[2020-01-20 10:45:04.040]	[testing.tests.I_ManyNotifyTest]	[INFO]	Waiting another 5 seconds
[111]	[2020-01-20 10:45:09.040]	[testing.tests.I_ManyNotifyTest]	[INFO]	Waiting 5 seconds
[112]	[2020-01-20 10:45:14.040]	[testing.tests.I_ManyNotifyTest]	[INFO]	Verifying byebye using list
[113]	[2020-01-20 10:45:14.291]	[testing.tests.I_ManyNotifyTest]	[INFO]	Sending "list"
[114]	[2020-01-20 10:45:14.542]	[testing.tests.I_ManyNotifyTest]	[INFO]	Sending "list"
[115]	[2020-01-20 10:45:14.792]	[testing.tests.I_ManyNotifyTest]	[INFO]	Sending "lisT"
[116]	[2020-01-20 10:45:15.006]	[System.out]	[ALL]	818732f0-2800-4de5-8382-0a9be2d2d883   -   usn:malware, ge:wanpppconnection, 
[118]	[2020-01-20 10:45:15.007]	[System.out]	[ALL]	9be3bfd9-5f6a-4d48-b4a9-dcb444513a2a   -   ge:freakinfridge, thingy:endangeredmuffin, 
[120]	[2020-01-20 10:45:15.007]	[System.out]	[ALL]	3cc7cb61-fe7b-4f0f-a4c3-0a9d479f97fe   -   test:trudy, virtual:wanpppconnection, 
[122]	[2020-01-20 10:45:15.007]	[System.out]	[ALL]	970d60d2-6e22-43cf-ad04-c55c8b52fc91   -   test:bob
[124]	[2020-01-20 10:45:15.007]	[System.out]	[ALL]	a0004fc1-16da-47be-aced-38e005f93bf6   -   test:testingtool, ge:thundergenerator, 
[126]	[2020-01-20 10:45:15.042]	[testing.tests.I_ManyNotifyTest]	[INFO]	Waiting for list output.
[127]	[2020-01-20 10:45:15.043]	[testing.tests.I_ManyNotifyTest]	[INFO]	Waiting 30 seconds for silence of at least 2 seconds, minimal wait 5 seconds.
[128]	[2020-01-20 10:45:20.043]	[testing.tests.I_ManyNotifyTest]	[INFO]	Done Waiting
[129]	[2020-01-20 10:45:20.044]	[testing.tests.I_ManyNotifyTest]	[POINTS]	7.5% for each device that correctly unregistered. 2.5% for each device correctly kept.
[130]	[2020-01-20 10:45:20.044]	[testing.tests.I_ManyNotifyTest]	[POINTS]	Sum: 50.037.512.5
[131]	[2020-01-20 10:45:20.044]	[testing.TestManager]	[ALL]	Finished test with 1000000
[132]	[2020-01-20 10:45:20.045]	[testing.tests.I_ManyNotifyTest]	[SEVERE]	Caught an uncaught Exception (might be cause of previous)
[132]	[2020-01-20 10:45:20.045]	[testing.tests.I_ManyNotifyTest]	[SEVERE]	java.util.NoSuchElementException
[132]	[2020-01-20 10:45:20.045]	[testing.tests.I_ManyNotifyTest]	[SEVERE]		at java.base/java.util.Scanner.throwFor(Scanner.java:937)
[132]	[2020-01-20 10:45:20.045]	[testing.tests.I_ManyNotifyTest]	[SEVERE]		at java.base/java.util.Scanner.next(Scanner.java:1478)
[132]	[2020-01-20 10:45:20.045]	[testing.tests.I_ManyNotifyTest]	[SEVERE]		at edu.udo.cs.rvs.ssdp.User.run(User.java:35)
[132]	[2020-01-20 10:45:20.045]	[testing.tests.I_ManyNotifyTest]	[SEVERE]		at java.base/java.lang.Thread.run(Thread.java:834)
[133]	[2020-01-20 10:45:20.045]	[testing.tests.I_ManyNotifyTest]	[WARNING]	A list should be checked if it is not empty, before accessing its contents!
[[[[[END OF LOGGING:aabbb014-386a-42e4-9a41-7b2b06bb5c9e]]]]]
[[[[[END OF TEST:aabbb014-386a-42e4-9a41-7b2b06bb5c9e]]]]]

################################################################
Error Stream:
[java, -cp, /home/homafe00/tests/bin:/home/homafe00/tests/lsf-BRUVS-19_2-Abgabe der Programmieraufgabe-512853/Marcel Bienia_425286_assignsubmission_file_/Vorgabe/Vorgabe/src, overrides.TestingProtocol, testx, 8, /home/homafe00/tests/lsf-BRUVS-19_2-Abgabe der Programmieraufgabe-512853/Marcel Bienia_425286_assignsubmission_file_]

################################################################
################################################################
[[[[[START OF TESTPROTOCOL]]]]]
Test: 9
Test-Label: Break System.in Test
UUID: bc3d5157-a287-4110-acc8-649e7806f57a
Return: 1000000
Abort: false
Review: false
Exception: null
[[[[[START OF LOGGING!]]]]]
[SeqNum]	[Timestamp]	[Logger]	[LogLevel]	Message
[0]	[2020-01-20 10:45:20.358]	[testing.TestManager]	[ALL]	Starting test: Break System.in Test
[1]	[2020-01-20 10:45:20.358]	[testing.tests.J_BreakSysinTest]	[INFO]	Starting Submission
[2]	[2020-01-20 10:45:20.392]	[DatagramSocket[258aa7c0][new]]	[FINE]	Creating
[3]	[2020-01-20 10:45:20.392]	[DatagramSocket[258aa7c0][new]]	[INFO]	Rename to: DatagramSocket[258aa7c0][unbound]
[4]	[2020-01-20 10:45:20.393]	[DatagramSocket[258aa7c0][unbound]]	[FINE]	Created
[5]	[2020-01-20 10:45:20.397]	[DatagramSocket[258aa7c0][unbound]]	[FINE]	Set option 4: true
[6]	[2020-01-20 10:45:20.397]	[DatagramSocket[258aa7c0][unbound]]	[FINE]	Binding to 0.0.0.0/0.0.0.0, Port 1900
[7]	[2020-01-20 10:45:20.397]	[DatagramSocket[258aa7c0][unbound]]	[INFO]	Rename to: DatagramSocket[258aa7c0][0.0.0.0:1900]
[8]	[2020-01-20 10:45:20.400]	[DatagramSocket[258aa7c0][0.0.0.0:1900]]	[FINE]	Bound.
[9]	[2020-01-20 10:45:20.401]	[DatagramSocket[258aa7c0][0.0.0.0:1900]]	[INFO]	Joining group 239.255.255.250
[10]	[2020-01-20 10:45:20.405]	[DatagramSocket[258aa7c0][0.0.0.0:1900]]	[FINER]	peekData entered
[11]	[2020-01-20 10:45:20.481]	[testing.tests.J_BreakSysinTest]	[FINE]	Waiting 10 seconds for ready state
[12]	[2020-01-20 10:45:30.485]	[testing.tests.J_BreakSysinTest]	[INFO]	Done waiting
[13]	[2020-01-20 10:45:30.485]	[testing.tests.J_BreakSysinTest]	[INFO]	Bombarding with junk commands:
[14]	[2020-01-20 10:45:30.485]	[testing.tests.J_BreakSysinTest]	[INFO]	Command: S7
[15]	[2020-01-20 10:45:30.485]	[testing.tests.J_BreakSysinTest]	[INFO]	Command: jWdeB
[16]	[2020-01-20 10:45:30.485]	[testing.tests.J_BreakSysinTest]	[INFO]	Command: gx&(
[17]	[2020-01-20 10:45:30.485]	[testing.tests.J_BreakSysinTest]	[INFO]	Command: E<°2
[18]	[2020-01-20 10:45:30.486]	[testing.tests.J_BreakSysinTest]	[INFO]	Command: R
[19]	[2020-01-20 10:45:30.486]	[testing.tests.J_BreakSysinTest]	[INFO]	Command: f.[F
[20]	[2020-01-20 10:45:30.486]	[testing.tests.J_BreakSysinTest]	[INFO]	Command: 1Uek
[21]	[2020-01-20 10:45:30.486]	[testing.tests.J_BreakSysinTest]	[INFO]	Command: x<
[22]	[2020-01-20 10:45:30.486]	[testing.tests.J_BreakSysinTest]	[INFO]	Command: w(
[23]	[2020-01-20 10:45:30.486]	[testing.tests.J_BreakSysinTest]	[INFO]	Command: Â
[24]	[2020-01-20 10:45:30.486]	[testing.tests.J_BreakSysinTest]	[INFO]	Command: EJ)rr
[25]	[2020-01-20 10:45:30.486]	[testing.tests.J_BreakSysinTest]	[INFO]	Command: X%°<‚p
[26]	[2020-01-20 10:45:30.486]	[testing.tests.J_BreakSysinTest]	[INFO]	Command: -%TQa
[27]	[2020-01-20 10:45:30.486]	[testing.tests.J_BreakSysinTest]	[INFO]	Command: mnZ
[28]	[2020-01-20 10:45:30.487]	[testing.tests.J_BreakSysinTest]	[INFO]	Command: jz5+
[29]	[2020-01-20 10:45:30.487]	[testing.tests.J_BreakSysinTest]	[INFO]	Command: Sz
[30]	[2020-01-20 10:45:30.487]	[testing.tests.J_BreakSysinTest]	[INFO]	Command: UG§
[31]	[2020-01-20 10:45:30.487]	[testing.tests.J_BreakSysinTest]	[INFO]	Command: 2a
[32]	[2020-01-20 10:45:30.487]	[testing.tests.J_BreakSysinTest]	[INFO]	Command: R
[33]	[2020-01-20 10:45:30.487]	[testing.tests.J_BreakSysinTest]	[INFO]	Command: ^j2+§
[34]	[2020-01-20 10:45:30.487]	[testing.tests.J_BreakSysinTest]	[INFO]	Command: cEg
[35]	[2020-01-20 10:45:30.487]	[testing.tests.J_BreakSysinTest]	[INFO]	Command: <aT{l
[36]	[2020-01-20 10:45:30.487]	[testing.tests.J_BreakSysinTest]	[INFO]	Command: g;
[37]	[2020-01-20 10:45:30.487]	[testing.tests.J_BreakSysinTest]	[INFO]	Command: ou1&^Z
[38]	[2020-01-20 10:45:30.488]	[testing.tests.J_BreakSysinTest]	[INFO]	Command: <Qbx
[39]	[2020-01-20 10:45:30.488]	[testing.tests.J_BreakSysinTest]	[INFO]	Command: m
[40]	[2020-01-20 10:45:30.488]	[testing.tests.J_BreakSysinTest]	[INFO]	Command: x4,+gJ
[41]	[2020-01-20 10:45:30.488]	[testing.tests.J_BreakSysinTest]	[INFO]	Command: 8bB
[42]	[2020-01-20 10:45:30.488]	[testing.tests.J_BreakSysinTest]	[INFO]	Command: fx
[43]	[2020-01-20 10:45:30.488]	[testing.tests.J_BreakSysinTest]	[INFO]	Command: 6b!
[44]	[2020-01-20 10:45:30.488]	[testing.tests.J_BreakSysinTest]	[INFO]	Command: L_J)2.
[45]	[2020-01-20 10:45:30.488]	[testing.tests.J_BreakSysinTest]	[INFO]	Command: 1f_N
[46]	[2020-01-20 10:45:30.488]	[testing.tests.J_BreakSysinTest]	[INFO]	Command: x
[47]	[2020-01-20 10:45:30.488]	[testing.tests.J_BreakSysinTest]	[INFO]	Command: 4\Â0
[48]	[2020-01-20 10:45:30.488]	[testing.tests.J_BreakSysinTest]	[INFO]	Command: YsCKl
[49]	[2020-01-20 10:45:30.489]	[testing.tests.J_BreakSysinTest]	[INFO]	Command: H;p§i‚
[50]	[2020-01-20 10:45:30.489]	[testing.tests.J_BreakSysinTest]	[INFO]	Command: 6
[51]	[2020-01-20 10:45:30.489]	[testing.tests.J_BreakSysinTest]	[INFO]	Command: #s:
[52]	[2020-01-20 10:45:30.489]	[testing.tests.J_BreakSysinTest]	[INFO]	Command: \
[53]	[2020-01-20 10:45:30.489]	[testing.tests.J_BreakSysinTest]	[INFO]	Command: ;B&6}{
[54]	[2020-01-20 10:45:30.489]	[testing.tests.J_BreakSysinTest]	[INFO]	Command: V.^n
[55]	[2020-01-20 10:45:30.489]	[testing.tests.J_BreakSysinTest]	[INFO]	Command: 9IW;
[56]	[2020-01-20 10:45:30.489]	[testing.tests.J_BreakSysinTest]	[INFO]	Command: U^e
[57]	[2020-01-20 10:45:30.489]	[testing.tests.J_BreakSysinTest]	[INFO]	Command: X°
[58]	[2020-01-20 10:45:30.489]	[testing.tests.J_BreakSysinTest]	[INFO]	Command: ]
[59]	[2020-01-20 10:45:30.490]	[testing.tests.J_BreakSysinTest]	[INFO]	Command: #XW
[60]	[2020-01-20 10:45:30.490]	[testing.tests.J_BreakSysinTest]	[INFO]	Command: t!0O?
[61]	[2020-01-20 10:45:30.490]	[testing.tests.J_BreakSysinTest]	[INFO]	Command: 97UJ
[62]	[2020-01-20 10:45:30.490]	[testing.tests.J_BreakSysinTest]	[INFO]	Command: MLâ[°Â
[63]	[2020-01-20 10:45:30.490]	[testing.tests.J_BreakSysinTest]	[INFO]	Command: sa4Mx(
[64]	[2020-01-20 10:45:30.490]	[testing.tests.J_BreakSysinTest]	[INFO]	Command: 1‚
[65]	[2020-01-20 10:45:30.490]	[testing.tests.J_BreakSysinTest]	[INFO]	Command: RG%[!
[66]	[2020-01-20 10:45:30.490]	[testing.tests.J_BreakSysinTest]	[INFO]	Command: P¬7qx
[67]	[2020-01-20 10:45:30.490]	[testing.tests.J_BreakSysinTest]	[INFO]	Command: 7tT
[68]	[2020-01-20 10:45:30.490]	[testing.tests.J_BreakSysinTest]	[INFO]	Command: 9X
[69]	[2020-01-20 10:45:30.490]	[testing.tests.J_BreakSysinTest]	[INFO]	Command: N{"i
[70]	[2020-01-20 10:45:30.491]	[testing.tests.J_BreakSysinTest]	[INFO]	Command: Â4
[71]	[2020-01-20 10:45:30.491]	[testing.tests.J_BreakSysinTest]	[INFO]	Command: ]Do
[72]	[2020-01-20 10:45:30.491]	[testing.tests.J_BreakSysinTest]	[INFO]	Command: H
[73]	[2020-01-20 10:45:30.491]	[testing.tests.J_BreakSysinTest]	[INFO]	Command: wH‚V=
[74]	[2020-01-20 10:45:30.491]	[testing.tests.J_BreakSysinTest]	[INFO]	Command: 5
[75]	[2020-01-20 10:45:30.491]	[testing.tests.J_BreakSysinTest]	[INFO]	Command: ,nMQf
[76]	[2020-01-20 10:45:30.491]	[testing.tests.J_BreakSysinTest]	[INFO]	Command: rq,VV
[77]	[2020-01-20 10:45:30.491]	[testing.tests.J_BreakSysinTest]	[INFO]	Command: u\h
[78]	[2020-01-20 10:45:30.491]	[testing.tests.J_BreakSysinTest]	[INFO]	Command: *l
[79]	[2020-01-20 10:45:30.491]	[testing.tests.J_BreakSysinTest]	[INFO]	Command: >B"5\a
[80]	[2020-01-20 10:45:30.491]	[testing.tests.J_BreakSysinTest]	[INFO]	Command: i5cY8
[81]	[2020-01-20 10:45:30.492]	[testing.tests.J_BreakSysinTest]	[INFO]	Command: rs?9{8
[82]	[2020-01-20 10:45:30.492]	[testing.tests.J_BreakSysinTest]	[INFO]	Command: cvuÂ
[83]	[2020-01-20 10:45:30.492]	[testing.tests.J_BreakSysinTest]	[INFO]	Command: GPQWo‚
[84]	[2020-01-20 10:45:30.492]	[testing.tests.J_BreakSysinTest]	[INFO]	Command: )
[85]	[2020-01-20 10:45:30.492]	[testing.tests.J_BreakSysinTest]	[INFO]	Command: °N"L)
[86]	[2020-01-20 10:45:30.492]	[testing.tests.J_BreakSysinTest]	[INFO]	Command: E,t
[87]	[2020-01-20 10:45:30.492]	[testing.tests.J_BreakSysinTest]	[INFO]	Command: SnRv
[88]	[2020-01-20 10:45:30.492]	[testing.tests.J_BreakSysinTest]	[INFO]	Command: V
[89]	[2020-01-20 10:45:30.492]	[testing.tests.J_BreakSysinTest]	[INFO]	Command: f¬‚X¬
[90]	[2020-01-20 10:45:30.492]	[testing.tests.J_BreakSysinTest]	[INFO]	Command: Pwr
[91]	[2020-01-20 10:45:30.492]	[testing.tests.J_BreakSysinTest]	[INFO]	Command: u
[92]	[2020-01-20 10:45:30.493]	[testing.tests.J_BreakSysinTest]	[INFO]	Command: Wh<
[93]	[2020-01-20 10:45:30.493]	[testing.tests.J_BreakSysinTest]	[INFO]	Command: $\
[94]	[2020-01-20 10:45:30.493]	[testing.tests.J_BreakSysinTest]	[INFO]	Command: OuiKC
[95]	[2020-01-20 10:45:30.493]	[testing.tests.J_BreakSysinTest]	[INFO]	Command: ;T
[96]	[2020-01-20 10:45:30.493]	[testing.tests.J_BreakSysinTest]	[INFO]	Command: #,JRfq
[97]	[2020-01-20 10:45:30.493]	[testing.tests.J_BreakSysinTest]	[INFO]	Command: 3§2
[98]	[2020-01-20 10:45:30.493]	[testing.tests.J_BreakSysinTest]	[INFO]	Command: pKCWp
[99]	[2020-01-20 10:45:30.493]	[testing.tests.J_BreakSysinTest]	[INFO]	Command: @t}'MF
[100]	[2020-01-20 10:45:30.493]	[testing.tests.J_BreakSysinTest]	[INFO]	Command: T"m{
[101]	[2020-01-20 10:45:30.493]	[testing.tests.J_BreakSysinTest]	[INFO]	Command: 9<'
[102]	[2020-01-20 10:45:30.493]	[testing.tests.J_BreakSysinTest]	[INFO]	Command: 5k9
[103]	[2020-01-20 10:45:30.493]	[testing.tests.J_BreakSysinTest]	[INFO]	Command: []Â-4\
[104]	[2020-01-20 10:45:30.493]	[testing.tests.J_BreakSysinTest]	[INFO]	Command: qJw\
[105]	[2020-01-20 10:45:30.494]	[testing.tests.J_BreakSysinTest]	[INFO]	Command: Q_-
[106]	[2020-01-20 10:45:30.494]	[testing.tests.J_BreakSysinTest]	[INFO]	Command: {S+J
[107]	[2020-01-20 10:45:30.494]	[testing.tests.J_BreakSysinTest]	[INFO]	Command: B,G1B‚
[108]	[2020-01-20 10:45:30.494]	[testing.tests.J_BreakSysinTest]	[INFO]	Command: ¬Â
[109]	[2020-01-20 10:45:30.494]	[testing.tests.J_BreakSysinTest]	[INFO]	Command: kJwy1I
[110]	[2020-01-20 10:45:30.494]	[testing.tests.J_BreakSysinTest]	[INFO]	Command: r=vy%
[111]	[2020-01-20 10:45:30.494]	[testing.tests.J_BreakSysinTest]	[INFO]	Command: 4C{S,K
[112]	[2020-01-20 10:45:30.494]	[testing.tests.J_BreakSysinTest]	[INFO]	Command: -
[113]	[2020-01-20 10:45:30.494]	[testing.tests.J_BreakSysinTest]	[INFO]	Command: xdq
[114]	[2020-01-20 10:45:30.495]	[testing.TestManager]	[ALL]	Finished test with 1000000
[115]	[2020-01-20 10:45:30.495]	[testing.tests.J_BreakSysinTest]	[SEVERE]	Caught an uncaught Exception
[115]	[2020-01-20 10:45:30.495]	[testing.tests.J_BreakSysinTest]	[SEVERE]	java.util.NoSuchElementException
[115]	[2020-01-20 10:45:30.495]	[testing.tests.J_BreakSysinTest]	[SEVERE]		at java.base/java.util.Scanner.throwFor(Scanner.java:937)
[115]	[2020-01-20 10:45:30.495]	[testing.tests.J_BreakSysinTest]	[SEVERE]		at java.base/java.util.Scanner.next(Scanner.java:1478)
[115]	[2020-01-20 10:45:30.495]	[testing.tests.J_BreakSysinTest]	[SEVERE]		at edu.udo.cs.rvs.ssdp.User.run(User.java:35)
[115]	[2020-01-20 10:45:30.495]	[testing.tests.J_BreakSysinTest]	[SEVERE]		at java.base/java.lang.Thread.run(Thread.java:834)
[116]	[2020-01-20 10:45:30.495]	[testing.tests.J_BreakSysinTest]	[SEVERE]	Caught an uncaught Exception (might be cause of previous)
[116]	[2020-01-20 10:45:30.495]	[testing.tests.J_BreakSysinTest]	[SEVERE]	java.util.NoSuchElementException
[116]	[2020-01-20 10:45:30.495]	[testing.tests.J_BreakSysinTest]	[SEVERE]		at java.base/java.util.Scanner.throwFor(Scanner.java:937)
[116]	[2020-01-20 10:45:30.495]	[testing.tests.J_BreakSysinTest]	[SEVERE]		at java.base/java.util.Scanner.next(Scanner.java:1478)
[116]	[2020-01-20 10:45:30.495]	[testing.tests.J_BreakSysinTest]	[SEVERE]		at edu.udo.cs.rvs.ssdp.User.run(User.java:35)
[116]	[2020-01-20 10:45:30.495]	[testing.tests.J_BreakSysinTest]	[SEVERE]		at java.base/java.lang.Thread.run(Thread.java:834)
[117]	[2020-01-20 10:45:30.496]	[testing.tests.J_BreakSysinTest]	[WARNING]	A list should be checked if it is not empty, before accessing its contents!
[[[[[END OF LOGGING:bc3d5157-a287-4110-acc8-649e7806f57a]]]]]
[[[[[END OF TEST:bc3d5157-a287-4110-acc8-649e7806f57a]]]]]

################################################################
Error Stream:
[java, -cp, /home/homafe00/tests/bin:/home/homafe00/tests/lsf-BRUVS-19_2-Abgabe der Programmieraufgabe-512853/Marcel Bienia_425286_assignsubmission_file_/Vorgabe/Vorgabe/src, overrides.TestingProtocol, testx, 9, /home/homafe00/tests/lsf-BRUVS-19_2-Abgabe der Programmieraufgabe-512853/Marcel Bienia_425286_assignsubmission_file_]

################################################################
################################################################
